\BOOKMARK [0][-]{dummy.1}{\376\377\000A\000b\000s\000t\000r\000a\000c\000t}{}% 1
\BOOKMARK [0][-]{dummy.2}{\376\377\000C\000o\000n\000t\000e\000n\000t\000s}{}% 2
\BOOKMARK [0][-]{dummy.4}{\376\377\000L\000i\000s\000t\000\040\000o\000f\000\040\000F\000i\000g\000u\000r\000e\000s}{}% 3
\BOOKMARK [0][-]{dummy.6}{\376\377\000L\000i\000s\000t\000\040\000o\000f\000\040\000T\000a\000b\000l\000e\000s}{}% 4
\BOOKMARK [0][-]{dummy.8}{\376\377\000A\000c\000k\000n\000o\000w\000l\000e\000d\000g\000e\000m\000e\000n\000t\000s}{}% 5
\BOOKMARK [0][-]{dummy.9}{\376\377\000D\000e\000c\000l\000a\000r\000a\000t\000i\000o\000n\000\040\000o\000f\000\040\000A\000u\000t\000h\000o\000r\000s\000h\000i\000p}{}% 6
\BOOKMARK [0][-]{dummy.10}{\376\377\000A\000b\000b\000r\000e\000v\000i\000a\000t\000i\000o\000n\000s}{}% 7
\BOOKMARK [0][-]{chapter.13}{\376\377\0001\000\040\000I\000n\000t\000r\000o\000d\000u\000c\000t\000i\000o\000n}{}% 8
\BOOKMARK [1][-]{section.14}{\376\377\0001\000.\0001\000\040\000P\000a\000n\000c\000r\000e\000a\000t\000i\000c\000\040\000N\000e\000o\000p\000l\000a\000s\000i\000a}{chapter.13}% 9
\BOOKMARK [2][-]{subsection.15}{\376\377\0001\000.\0001\000.\0001\000\040\000E\000p\000i\000d\000e\000m\000i\000o\000l\000o\000g\000y\000\040\000o\000f\000\040\000p\000a\000n\000c\000r\000e\000a\000t\000i\000c\000\040\000c\000a\000n\000c\000e\000r}{section.14}% 10
\BOOKMARK [2][-]{subsection.16}{\376\377\0001\000.\0001\000.\0002\000\040\000C\000l\000i\000n\000i\000c\000a\000l\000\040\000p\000r\000e\000s\000e\000n\000t\000a\000t\000i\000o\000n}{section.14}% 11
\BOOKMARK [2][-]{subsection.17}{\376\377\0001\000.\0001\000.\0003\000\040\000D\000i\000a\000g\000n\000o\000s\000i\000s\000\040\000a\000n\000d\000\040\000s\000t\000a\000g\000i\000n\000g}{section.14}% 12
\BOOKMARK [2][-]{subsection.18}{\376\377\0001\000.\0001\000.\0004\000\040\000T\000r\000e\000a\000t\000m\000e\000n\000t\000\040\000o\000f\000\040\000p\000a\000n\000c\000r\000e\000a\000t\000i\000c\000\040\000c\000a\000n\000c\000e\000r}{section.14}% 13
\BOOKMARK [1][-]{section.19}{\376\377\0001\000.\0002\000\040\000S\000u\000r\000g\000i\000c\000a\000l\000\040\000t\000r\000e\000a\000t\000m\000e\000n\000t\000\040\000o\000f\000\040\000p\000a\000n\000c\000r\000e\000a\000t\000i\000c\000\040\000c\000a\000n\000c\000e\000r}{chapter.13}% 14
\BOOKMARK [2][-]{subsection.20}{\376\377\0001\000.\0002\000.\0001\000\040\000P\000a\000t\000i\000e\000n\000t\000\040\000s\000e\000l\000e\000c\000t\000i\000o\000n}{section.19}% 15
\BOOKMARK [3][-]{subsubsection.21}{\376\377\0001\000.\0002\000.\0001\000.\0001\000\040\000R\000e\000s\000e\000c\000t\000a\000b\000i\000l\000i\000t\000y\000\040\000c\000r\000i\000t\000e\000r\000i\000a}{subsection.20}% 16
\BOOKMARK [3][-]{subsubsection.22}{\376\377\0001\000.\0002\000.\0001\000.\0002\000\040\000P\000a\000t\000i\000e\000n\000t\000\040\000f\000a\000c\000t\000o\000r\000s}{subsection.20}% 17
\BOOKMARK [2][-]{subsection.23}{\376\377\0001\000.\0002\000.\0002\000\040\000O\000p\000e\000r\000a\000t\000i\000v\000e\000\040\000t\000e\000c\000h\000n\000i\000q\000u\000e}{section.19}% 18
\BOOKMARK [2][-]{subsection.24}{\376\377\0001\000.\0002\000.\0003\000\040\000P\000o\000s\000t\000o\000p\000e\000r\000a\000t\000i\000v\000e\000\040\000c\000a\000r\000e}{section.19}% 19
\BOOKMARK [2][-]{subsection.25}{\376\377\0001\000.\0002\000.\0004\000\040\000C\000o\000m\000p\000l\000i\000c\000a\000t\000i\000o\000n\000s}{section.19}% 20
\BOOKMARK [3][-]{subsubsection.26}{\376\377\0001\000.\0002\000.\0004\000.\0001\000\040\000P\000o\000s\000t\000o\000p\000e\000r\000a\000t\000i\000v\000e\000\040\000p\000a\000n\000c\000r\000e\000a\000t\000i\000c\000\040\000f\000i\000s\000t\000u\000l\000a}{subsection.25}% 21
\BOOKMARK [3][-]{subsubsection.27}{\376\377\0001\000.\0002\000.\0004\000.\0002\000\040\000P\000o\000s\000t\000-\000p\000a\000n\000c\000r\000e\000a\000t\000e\000c\000t\000o\000m\000y\000\040\000h\000a\000e\000m\000o\000r\000r\000h\000a\000g\000e}{subsection.25}% 22
\BOOKMARK [3][-]{subsubsection.29}{\376\377\0001\000.\0002\000.\0004\000.\0003\000\040\000C\000l\000a\000v\000i\000e\000n\000-\000D\000i\000n\000d\000o\000\040\000c\000l\000a\000s\000s\000i\000f\000i\000c\000a\000t\000i\000o\000n\000\040\000o\000f\000\040\000c\000o\000m\000p\000l\000i\000c\000a\000t\000i\000o\000n\000s}{subsection.25}% 23
\BOOKMARK [1][-]{section.31}{\376\377\0001\000.\0003\000\040\000A\000d\000j\000u\000v\000a\000n\000t\000\040\000a\000n\000d\000\040\000N\000e\000o\000a\000d\000j\000u\000v\000a\000n\000t\000\040\000t\000r\000e\000a\000t\000m\000e\000n\000t}{chapter.13}% 24
\BOOKMARK [1][-]{section.32}{\376\377\0001\000.\0004\000\040\000C\000o\000m\000o\000r\000b\000i\000d\000i\000t\000y\000\040\000a\000n\000d\000\040\000R\000i\000s\000k\000\040\000S\000t\000r\000a\000t\000i\000f\000i\000c\000a\000t\000i\000o\000n}{chapter.13}% 25
\BOOKMARK [2][-]{subsection.33}{\376\377\0001\000.\0004\000.\0001\000\040\000C\000o\000m\000o\000r\000b\000i\000d\000i\000t\000y}{section.32}% 26
\BOOKMARK [2][-]{subsection.34}{\376\377\0001\000.\0004\000.\0002\000\040\000R\000i\000s\000k\000\040\000S\000t\000r\000a\000t\000i\000f\000i\000c\000a\000t\000i\000o\000n}{section.32}% 27
\BOOKMARK [2][-]{subsection.35}{\376\377\0001\000.\0004\000.\0003\000\040\000S\000t\000a\000t\000i\000c\000\040\000V\000e\000r\000s\000u\000s\000\040\000D\000y\000n\000a\000m\000i\000c\000\040\000T\000e\000s\000t\000i\000n\000g}{section.32}% 28
\BOOKMARK [1][-]{section.36}{\376\377\0001\000.\0005\000\040\000C\000a\000r\000d\000i\000o\000p\000u\000l\000m\000o\000n\000a\000r\000y\000\040\000E\000x\000e\000r\000c\000i\000s\000e\000\040\000T\000e\000s\000t\000i\000n\000g}{chapter.13}% 29
\BOOKMARK [2][-]{subsection.37}{\376\377\0001\000.\0005\000.\0001\000\040\000H\000i\000s\000t\000o\000r\000y\000\040\000o\000f\000\040\000C\000P\000E\000T\000\040\000i\000n\000\040\000S\000u\000r\000g\000e\000r\000y}{section.36}% 30
\BOOKMARK [2][-]{subsection.38}{\376\377\0001\000.\0005\000.\0002\000\040\000C\000a\000r\000d\000i\000o\000p\000u\000l\000m\000o\000n\000a\000r\000y\000\040\000E\000x\000e\000r\000c\000i\000s\000e\000\040\000T\000e\000s\000t\000\040\000M\000e\000t\000h\000o\000d\000o\000l\000o\000g\000y}{section.36}% 31
\BOOKMARK [2][-]{subsection.39}{\376\377\0001\000.\0005\000.\0003\000\040\000M\000e\000a\000s\000u\000r\000i\000n\000g\000\040\000t\000h\000e\000\040\000A\000n\000a\000e\000r\000o\000b\000i\000c\000\040\000T\000h\000r\000e\000s\000h\000o\000l\000d}{section.36}% 32
\BOOKMARK [3][-]{subsubsection.42}{\376\377\0001\000.\0005\000.\0003\000.\0001\000\040\000V\000-\000s\000l\000o\000p\000e\000\040\000m\000e\000t\000h\000o\000d}{subsection.39}% 33
\BOOKMARK [3][-]{subsubsection.43}{\376\377\0001\000.\0005\000.\0003\000.\0002\000\040\000V\000e\000n\000t\000i\000l\000a\000t\000o\000r\000y\000\040\000e\000q\000u\000i\000v\000a\000l\000e\000n\000t\000s\000\040\000m\000e\000t\000h\000o\000d}{subsection.39}% 34
\BOOKMARK [1][-]{section.44}{\376\377\0001\000.\0006\000\040\000D\000e\000s\000c\000r\000i\000p\000t\000i\000o\000n\000\040\000o\000f\000\040\000C\000P\000E\000T\000\040\000P\000a\000r\000a\000m\000e\000t\000e\000r\000s}{chapter.13}% 35
\BOOKMARK [2][-]{subsection.46}{\376\377\0001\000.\0006\000.\0001\000\040\000E\000x\000e\000r\000c\000i\000s\000e\000\040\000L\000o\000a\000d}{section.44}% 36
\BOOKMARK [2][-]{subsection.47}{\376\377\0001\000.\0006\000.\0002\000\040\000M\000i\000n\000u\000t\000e\000\040\000V\000e\000n\000t\000i\000l\000a\000t\000i\000o\000n\000,\000\040\000E}{section.44}% 37
\BOOKMARK [2][-]{subsection.49}{\376\377\0001\000.\0006\000.\0003\000\040\000O\000x\000y\000g\000e\000n\000\040\000U\000p\000t\000a\000k\000e\000,\000\040\000O\0002}{section.44}% 38
\BOOKMARK [2][-]{subsection.53}{\376\377\0001\000.\0006\000.\0004\000\040\000O\000x\000y\000g\000e\000n\000\040\000P\000u\000l\000s\000e\000,\000\040\000O\0002\000P\000u\000l\000s\000e}{section.44}% 39
\BOOKMARK [2][-]{subsection.55}{\376\377\0001\000.\0006\000.\0005\000\040\000R\000e\000s\000p\000i\000r\000a\000t\000o\000r\000y\000\040\000E\000x\000c\000h\000a\000n\000g\000e\000\040\000R\000a\000t\000i\000o\000,\000\040\000R\000E\000R}{section.44}% 40
\BOOKMARK [2][-]{subsection.56}{\376\377\0001\000.\0006\000.\0006\000\040\000V\000e\000n\000t\000i\000l\000a\000t\000o\000r\000y\000\040\000E\000q\000u\000i\000v\000a\000l\000e\000n\000t\000\040\000f\000o\000r\000\040\000O\0002\000\040\000a\000n\000d\000\040\000C\000O\0002\000,\000\040\000E\000/\000O\0002\000,\000\040\000E\000/\000C\000O\0002}{section.44}% 41
\BOOKMARK [2][-]{subsection.57}{\376\377\0001\000.\0006\000.\0007\000\040\000E\000n\000d\000-\000t\000i\000d\000a\000l\000\040\000O\0002\000\040\000a\000n\000d\000\040\000C\000O\0002\000,\000\040\000P\000E\000T\000O\0002\000,\000\040\000P\000E\000T\000C\000O\0002}{section.44}% 42
\BOOKMARK [2][-]{subsection.58}{\376\377\0001\000.\0006\000.\0008\000\040\000H\000e\000a\000r\000t\000\040\000R\000a\000t\000e\000,\000\040\000H\000R}{section.44}% 43
\BOOKMARK [2][-]{subsection.59}{\376\377\0001\000.\0006\000.\0009\000\040\000B\000r\000e\000a\000t\000h\000i\000n\000g\000\040\000f\000r\000e\000q\000u\000e\000n\000c\000y\000,\000\040\000B\000f}{section.44}% 44
\BOOKMARK [1][-]{section.60}{\376\377\0001\000.\0007\000\040\000R\000o\000l\000e\000\040\000o\000f\000\040\000C\000P\000E\000T\000\040\000i\000n\000\040\000p\000r\000e\000o\000p\000e\000r\000a\000t\000i\000v\000e\000\040\000a\000s\000s\000e\000s\000s\000m\000e\000n\000t}{chapter.13}% 45
\BOOKMARK [2][-]{subsection.61}{\376\377\0001\000.\0007\000.\0001\000\040\000G\000e\000n\000e\000r\000a\000l\000\040\000S\000u\000r\000g\000e\000r\000y}{section.60}% 46
\BOOKMARK [2][-]{subsection.62}{\376\377\0001\000.\0007\000.\0002\000\040\000O\000e\000s\000o\000p\000h\000a\000g\000o\000-\000g\000a\000s\000t\000r\000i\000c\000\040\000S\000u\000r\000g\000e\000r\000y}{section.60}% 47
\BOOKMARK [2][-]{subsection.63}{\376\377\0001\000.\0007\000.\0003\000\040\000C\000o\000l\000o\000r\000e\000c\000t\000a\000l\000\040\000S\000u\000r\000g\000e\000r\000y}{section.60}% 48
\BOOKMARK [2][-]{subsection.64}{\376\377\0001\000.\0007\000.\0004\000\040\000V\000a\000s\000c\000u\000l\000a\000r\000\040\000S\000u\000r\000g\000e\000r\000y}{section.60}% 49
\BOOKMARK [2][-]{subsection.65}{\376\377\0001\000.\0007\000.\0005\000\040\000H\000e\000p\000a\000t\000o\000-\000p\000a\000n\000c\000r\000e\000a\000t\000o\000-\000b\000i\000l\000i\000a\000r\000y\000\040\000s\000u\000r\000g\000e\000r\000y\000\040\000a\000n\000d\000\040\000T\000r\000a\000n\000s\000p\000l\000a\000n\000t\000a\000t\000i\000o\000n}{section.60}% 50
\BOOKMARK [2][-]{subsection.66}{\376\377\0001\000.\0007\000.\0006\000\040\000T\000h\000o\000r\000a\000c\000i\000c\000\040\000S\000u\000r\000g\000e\000r\000y}{section.60}% 51
\BOOKMARK [1][-]{section.67}{\376\377\0001\000.\0008\000\040\000S\000y\000s\000t\000e\000m\000i\000c\000\040\000i\000n\000f\000l\000a\000m\000m\000a\000t\000i\000o\000n\000\040\000a\000n\000d\000\040\000o\000u\000t\000c\000o\000m\000e}{chapter.13}% 52
\BOOKMARK [2][-]{subsection.68}{\376\377\0001\000.\0008\000.\0001\000\040\000M\000e\000a\000s\000u\000r\000i\000n\000g\000\040\000s\000y\000s\000t\000e\000m\000i\000c\000\040\000i\000n\000f\000l\000a\000m\000m\000a\000t\000i\000o\000n}{section.67}% 53
\BOOKMARK [2][-]{subsection.70}{\376\377\0001\000.\0008\000.\0002\000\040\000S\000y\000s\000t\000e\000m\000i\000c\000\040\000i\000n\000f\000l\000a\000m\000m\000a\000t\000i\000o\000n\000\040\000a\000n\000d\000\040\000l\000o\000n\000g\000-\000t\000e\000r\000m\000\040\000s\000u\000r\000v\000i\000v\000a\000l}{section.67}% 54
\BOOKMARK [2][-]{subsection.71}{\376\377\0001\000.\0008\000.\0003\000\040\000S\000y\000s\000t\000e\000m\000i\000c\000\040\000i\000n\000f\000l\000a\000m\000m\000a\000t\000i\000o\000n\000\040\000a\000n\000d\000\040\000p\000o\000s\000t\000o\000p\000e\000r\000a\000t\000i\000v\000e\000\040\000c\000o\000m\000p\000l\000i\000c\000a\000t\000i\000o\000n\000s}{section.67}% 55
\BOOKMARK [3][-]{subsubsection.72}{\376\377\0001\000.\0008\000.\0003\000.\0001\000\040\000P\000r\000e\000o\000p\000e\000r\000a\000t\000i\000v\000e\000\040\000s\000y\000s\000t\000e\000m\000i\000c\000\040\000i\000n\000f\000l\000a\000m\000m\000a\000t\000i\000o\000n}{subsection.71}% 56
\BOOKMARK [3][-]{subsubsection.73}{\376\377\0001\000.\0008\000.\0003\000.\0002\000\040\000P\000o\000s\000t\000o\000p\000e\000r\000a\000t\000i\000v\000e\000\040\000s\000y\000s\000t\000e\000m\000i\000c\000\040\000i\000n\000f\000l\000a\000m\000m\000a\000t\000i\000o\000n}{subsection.71}% 57
\BOOKMARK [3][-]{subsubsection.74}{\376\377\0001\000.\0008\000.\0003\000.\0003\000\040\000C\000o\000m\000p\000e\000n\000s\000a\000t\000o\000r\000y\000\040\000A\000n\000t\000i\000-\000i\000n\000f\000l\000a\000m\000m\000a\000t\000o\000r\000y\000\040\000R\000e\000s\000p\000o\000n\000s\000e\000\040\000S\000y\000n\000d\000r\000o\000m\000e\000\040\000\050\000C\000A\000R\000S\000\051}{subsection.71}% 58
\BOOKMARK [2][-]{subsection.75}{\376\377\0001\000.\0008\000.\0004\000\040\000P\000o\000s\000t\000o\000p\000e\000r\000a\000t\000i\000v\000e\000\040\000c\000o\000m\000p\000l\000i\000c\000a\000t\000i\000o\000n\000s\000\040\000a\000n\000d\000\040\000l\000o\000n\000g\000-\000t\000e\000r\000m\000\040\000s\000u\000r\000v\000i\000v\000a\000l}{section.67}% 59
\BOOKMARK [2][-]{subsection.76}{\376\377\0001\000.\0008\000.\0005\000\040\000R\000e\000l\000a\000t\000i\000o\000n\000s\000h\000i\000p\000\040\000b\000e\000t\000w\000e\000e\000n\000\040\000s\000y\000s\000t\000e\000m\000i\000c\000\040\000i\000n\000f\000l\000a\000m\000m\000a\000t\000i\000o\000n\000\040\000a\000n\000d\000\040\000c\000o\000m\000o\000r\000b\000i\000d\000i\000t\000y}{section.67}% 60
\BOOKMARK [1][-]{section.77}{\376\377\0001\000.\0009\000\040\000T\000h\000e\000\040\000J\000a\000u\000n\000d\000i\000c\000e\000d\000\040\000P\000a\000t\000i\000e\000n\000t}{chapter.13}% 61
\BOOKMARK [2][-]{subsection.78}{\376\377\0001\000.\0009\000.\0001\000\040\000I\000m\000p\000a\000c\000t\000\040\000o\000f\000\040\000j\000a\000u\000n\000d\000i\000c\000e\000\040\000o\000n\000\040\000c\000a\000r\000d\000i\000o\000v\000a\000s\000c\000u\000l\000a\000r\000\040\000p\000h\000y\000s\000i\000o\000l\000o\000g\000y}{section.77}% 62
\BOOKMARK [2][-]{subsection.79}{\376\377\0001\000.\0009\000.\0002\000\040\000I\000m\000p\000a\000c\000t\000\040\000o\000f\000\040\000j\000a\000u\000n\000d\000i\000c\000e\000\040\000o\000n\000\040\000r\000e\000n\000a\000l\000\040\000p\000h\000y\000s\000i\000o\000l\000o\000g\000y}{section.77}% 63
\BOOKMARK [2][-]{subsection.80}{\376\377\0001\000.\0009\000.\0003\000\040\000I\000m\000p\000a\000c\000t\000\040\000o\000f\000\040\000j\000a\000u\000n\000d\000i\000c\000e\000\040\000o\000n\000\040\000t\000h\000e\000\040\000i\000m\000m\000u\000n\000e\000\040\000s\000y\000s\000t\000e\000m}{section.77}% 64
\BOOKMARK [2][-]{subsection.81}{\376\377\0001\000.\0009\000.\0004\000\040\000J\000a\000u\000n\000d\000i\000c\000e\000\040\000a\000n\000d\000\040\000p\000o\000s\000t\000o\000p\000e\000r\000a\000t\000i\000v\000e\000\040\000o\000u\000t\000c\000o\000m\000e\000s}{section.77}% 65
\BOOKMARK [2][-]{subsection.82}{\376\377\0001\000.\0009\000.\0005\000\040\000R\000o\000l\000e\000\040\000o\000f\000\040\000p\000r\000e\000o\000p\000e\000r\000a\000t\000i\000v\000e\000\040\000b\000i\000l\000i\000a\000r\000y\000\040\000d\000r\000a\000i\000n\000a\000g\000e}{section.77}% 66
\BOOKMARK [0][-]{chapter.83}{\376\377\0002\000\040\000A\000n\000\040\000i\000n\000v\000e\000s\000t\000i\000g\000a\000t\000i\000o\000n\000\040\000i\000n\000t\000o\000\040\000t\000h\000e\000\040\000r\000o\000l\000e\000\040\000o\000f\000\040\000p\000r\000e\000o\000p\000e\000r\000a\000t\000i\000v\000e\000\040\000c\000a\000r\000d\000i\000o\000p\000u\000l\000m\000o\000n\000a\000r\000y\000\040\000e\000x\000e\000r\000c\000i\000s\000e\000\040\000t\000e\000s\000t\000i\000n\000g\000\040\000i\000n\000\040\000p\000r\000e\000d\000i\000c\000t\000i\000n\000g\000\040\000a\000d\000v\000e\000r\000s\000e\000\040\000p\000o\000s\000t\000o\000p\000e\000r\000a\000t\000i\000v\000e\000\040\000e\000v\000e\000n\000t\000s\000\040\000a\000f\000t\000e\000r\000\040\000m\000a\000j\000o\000r\000\040\000p\000a\000n\000c\000r\000e\000a\000t\000i\000c\000\040\000s\000u\000r\000g\000e\000r\000y\000.}{}% 67
\BOOKMARK [1][-]{section.84}{\376\377\0002\000.\0001\000\040\000I\000n\000t\000r\000o\000d\000u\000c\000t\000i\000o\000n}{chapter.83}% 68
\BOOKMARK [1][-]{section.85}{\376\377\0002\000.\0002\000\040\000M\000e\000t\000h\000o\000d\000s}{chapter.83}% 69
\BOOKMARK [2][-]{subsection.86}{\376\377\0002\000.\0002\000.\0001\000\040\000S\000t\000a\000t\000i\000s\000t\000i\000c\000s}{section.85}% 70
\BOOKMARK [1][-]{section.87}{\376\377\0002\000.\0003\000\040\000R\000e\000s\000u\000l\000t\000s}{chapter.83}% 71
\BOOKMARK [1][-]{section.94}{\376\377\0002\000.\0004\000\040\000D\000i\000s\000c\000u\000s\000s\000i\000o\000n}{chapter.83}% 72
\BOOKMARK [0][-]{chapter.95}{\376\377\0003\000\040\000A\000n\000\040\000i\000n\000v\000e\000s\000t\000i\000g\000a\000t\000i\000o\000n\000\040\000i\000n\000t\000o\000\040\000t\000h\000e\000\040\000r\000e\000l\000a\000t\000i\000o\000n\000s\000h\000i\000p\000\040\000b\000e\000t\000w\000e\000e\000n\000\040\000o\000b\000s\000t\000r\000u\000c\000t\000i\000v\000e\000\040\000j\000a\000u\000n\000d\000i\000c\000e\000\040\000a\000n\000d\000\040\000p\000r\000e\000o\000p\000e\000r\000a\000t\000i\000v\000e\000\040\000p\000a\000t\000h\000o\000p\000h\000y\000s\000i\000o\000l\000o\000g\000y\000\040\000i\000n\000\040\000p\000a\000t\000i\000e\000n\000t\000s\000\040\000u\000n\000d\000e\000r\000g\000o\000i\000n\000g\000\040\000m\000a\000j\000o\000r\000\040\000p\000a\000n\000c\000r\000e\000a\000t\000i\000c\000\040\000s\000u\000r\000g\000e\000r\000y\000.}{}% 73
\BOOKMARK [1][-]{section.96}{\376\377\0003\000.\0001\000\040\000I\000n\000t\000r\000o\000d\000u\000c\000t\000i\000o\000n}{chapter.95}% 74
\BOOKMARK [1][-]{section.97}{\376\377\0003\000.\0002\000\040\000P\000a\000t\000i\000e\000n\000t\000s\000\040\000a\000n\000d\000\040\000M\000e\000t\000h\000o\000d\000s}{chapter.95}% 75
\BOOKMARK [2][-]{subsection.98}{\376\377\0003\000.\0002\000.\0001\000\040\000P\000r\000e\000o\000p\000e\000r\000a\000t\000i\000v\000e\000\040\000D\000a\000t\000a}{section.97}% 76
\BOOKMARK [2][-]{subsection.99}{\376\377\0003\000.\0002\000.\0002\000\040\000O\000b\000s\000t\000r\000u\000c\000t\000i\000v\000e\000\040\000J\000a\000u\000n\000d\000i\000c\000e}{section.97}% 77
\BOOKMARK [2][-]{subsection.100}{\376\377\0003\000.\0002\000.\0003\000\040\000C\000a\000r\000d\000i\000o\000p\000u\000l\000m\000o\000n\000a\000r\000y\000\040\000E\000x\000e\000r\000c\000i\000s\000e\000\040\000T\000e\000s\000t}{section.97}% 78
\BOOKMARK [2][-]{subsection.101}{\376\377\0003\000.\0002\000.\0004\000\040\000S\000t\000a\000t\000i\000s\000t\000i\000c\000s}{section.97}% 79
\BOOKMARK [1][-]{section.102}{\376\377\0003\000.\0003\000\040\000R\000e\000s\000u\000l\000t\000s}{chapter.95}% 80
\BOOKMARK [2][-]{subsubsection.106}{\376\377\0003\000.\0003\000.\0000\000.\0001\000\040\000U\000n\000i\000v\000a\000r\000i\000a\000t\000e\000\040\000a\000n\000a\000l\000y\000s\000i\000s\000\040\000o\000f\000\040\000o\000b\000s\000t\000r\000u\000c\000t\000i\000v\000e\000\040\000j\000a\000u\000n\000d\000i\000c\000e\000\040\000v\000e\000r\000s\000u\000s\000\040\000C\000P\000E\000T}{section.102}% 81
\BOOKMARK [3][-]{subsubsection.108}{\376\377\0003\000.\0003\000.\0000\000.\0002\000\040\000A\000s\000s\000o\000c\000i\000a\000t\000i\000o\000n\000\040\000b\000e\000t\000w\000e\000e\000n\000\040\000p\000r\000e\000o\000p\000e\000r\000a\000t\000i\000v\000e\000\040\000c\000l\000i\000n\000i\000c\000o\000-\000p\000a\000t\000h\000o\000l\000o\000g\000i\000c\000a\000l\000\040\000f\000a\000c\000t\000o\000r\000s\000\040\000a\000n\000d\000\040\000V\000O\0002\000A\000T}{subsubsection.106}% 82
\BOOKMARK [3][-]{subsubsection.110}{\376\377\0003\000.\0003\000.\0000\000.\0003\000\040\000S\000c\000a\000t\000t\000e\000r\000-\000p\000l\000o\000t\000\040\000a\000n\000a\000l\000y\000s\000i\000s}{subsubsection.106}% 83
\BOOKMARK [1][-]{section.111}{\376\377\0003\000.\0004\000\040\000D\000i\000s\000c\000u\000s\000s\000i\000o\000n}{chapter.95}% 84
\BOOKMARK [1][-]{section.112}{\376\377\0003\000.\0005\000\040\000C\000o\000n\000c\000l\000u\000s\000i\000o\000n\000s}{chapter.95}% 85
\BOOKMARK [0][-]{chapter.113}{\376\377\0004\000\040\000A\000n\000\040\000i\000n\000v\000e\000s\000t\000i\000g\000a\000t\000i\000o\000n\000\040\000i\000n\000t\000o\000\040\000t\000h\000e\000\040\000r\000e\000l\000a\000t\000i\000o\000n\000s\000h\000i\000p\000\040\000b\000e\000t\000w\000e\000e\000n\000\040\000c\000a\000r\000d\000i\000o\000p\000u\000l\000m\000o\000n\000a\000r\000y\000\040\000e\000x\000e\000r\000c\000i\000s\000e\000\040\000t\000e\000s\000t\000i\000n\000g\000\040\000a\000n\000d\000\040\000b\000o\000d\000y\000\040\000c\000o\000m\000p\000o\000s\000i\000t\000i\000o\000n\000\040\000i\000n\000\040\000p\000a\000t\000i\000e\000n\000t\000s\000\040\000u\000n\000d\000e\000r\000g\000o\000i\000n\000g\000\040\000m\000a\000j\000o\000r\000\040\000p\000a\000n\000c\000r\000e\000a\000t\000i\000c\000\040\000s\000u\000r\000g\000e\000r\000y\000.}{}% 86
\BOOKMARK [1][-]{section.114}{\376\377\0004\000.\0001\000\040\000I\000n\000t\000r\000o\000d\000u\000c\000t\000i\000o\000n}{chapter.113}% 87
\BOOKMARK [2][-]{subsection.115}{\376\377\0004\000.\0001\000.\0001\000\040\000R\000o\000l\000e\000\040\000o\000f\000\040\000p\000r\000e\000o\000p\000e\000r\000a\000t\000i\000v\000e\000\040\000C\000P\000E\000T}{section.114}% 88
\BOOKMARK [2][-]{subsection.116}{\376\377\0004\000.\0001\000.\0002\000\040\000T\000h\000e\000\040\000p\000a\000t\000h\000o\000p\000h\000y\000s\000i\000o\000l\000o\000g\000i\000c\000a\000l\000\040\000b\000a\000s\000i\000s\000\040\000o\000f\000\040\000C\000P\000E\000T}{section.114}% 89
\BOOKMARK [2][-]{subsection.117}{\376\377\0004\000.\0001\000.\0003\000\040\000F\000a\000c\000t\000o\000r\000s\000\040\000i\000n\000f\000l\000u\000e\000n\000c\000i\000n\000g\000\040\000a\000e\000r\000o\000b\000i\000c\000\040\000f\000i\000t\000n\000e\000s\000s}{section.114}% 90
\BOOKMARK [2][-]{subsection.118}{\376\377\0004\000.\0001\000.\0004\000\040\000A\000i\000m\000s}{section.114}% 91
\BOOKMARK [1][-]{section.119}{\376\377\0004\000.\0002\000\040\000M\000e\000t\000h\000o\000d\000s}{chapter.113}% 92
\BOOKMARK [2][-]{subsection.120}{\376\377\0004\000.\0002\000.\0001\000\040\000P\000a\000t\000i\000e\000n\000t\000s}{section.119}% 93
\BOOKMARK [2][-]{subsection.121}{\376\377\0004\000.\0002\000.\0002\000\040\000B\000o\000d\000y\000\040\000c\000o\000m\000p\000o\000s\000i\000t\000i\000o\000n\000\040\000c\000a\000l\000c\000u\000l\000a\000t\000i\000o\000n}{section.119}% 94
\BOOKMARK [2][-]{subsection.123}{\376\377\0004\000.\0002\000.\0003\000\040\000C\000a\000r\000d\000i\000o\000p\000u\000l\000m\000o\000n\000a\000r\000y\000\040\000e\000x\000e\000r\000c\000i\000s\000e\000\040\000t\000e\000s\000t\000i\000n\000g}{section.119}% 95
\BOOKMARK [2][-]{subsection.124}{\376\377\0004\000.\0002\000.\0004\000\040\000S\000t\000a\000t\000i\000s\000t\000i\000c\000s}{section.119}% 96
\BOOKMARK [1][-]{section.125}{\376\377\0004\000.\0003\000\040\000R\000e\000s\000u\000l\000t\000s}{chapter.113}% 97
\BOOKMARK [2][-]{subsection.126}{\376\377\0004\000.\0003\000.\0001\000\040\000B\000o\000d\000y\000\040\000c\000o\000m\000p\000o\000s\000i\000t\000i\000o\000n\000\040\000a\000n\000d\000\040\000C\000l\000i\000n\000i\000c\000o\000-\000p\000a\000t\000h\000o\000l\000o\000g\000i\000c\000a\000l\000\040\000c\000h\000a\000r\000a\000c\000t\000e\000r\000i\000s\000t\000i\000c\000s}{section.125}% 98
\BOOKMARK [2][-]{subsection.128}{\376\377\0004\000.\0003\000.\0002\000\040\000B\000o\000d\000y\000\040\000C\000o\000m\000p\000o\000s\000i\000t\000i\000o\000n\000\040\000i\000n\000\040\000N\000o\000r\000m\000a\000l\000\040\000B\000M\000I\000\040\000v\000s\000\040\000O\000v\000e\000r\000w\000e\000i\000g\000h\000t\000/\000O\000b\000e\000s\000e\000\040\000P\000a\000t\000i\000e\000n\000t\000s}{section.125}% 99
\BOOKMARK [2][-]{subsection.130}{\376\377\0004\000.\0003\000.\0003\000\040\000C\000o\000r\000r\000e\000l\000a\000t\000i\000o\000n\000\040\000w\000i\000t\000h\000\040\000P\000u\000l\000m\000o\000n\000a\000r\000y\000\040\000F\000u\000n\000c\000t\000i\000o\000n\000\040\000T\000e\000s\000t\000s}{section.125}% 100
\BOOKMARK [2][-]{subsection.131}{\376\377\0004\000.\0003\000.\0004\000\040\000C\000o\000r\000r\000e\000l\000a\000t\000i\000o\000n\000\040\000w\000i\000t\000h\000\040\000E\000x\000e\000r\000c\000i\000s\000e\000\040\000L\000o\000a\000d}{section.125}% 101
\BOOKMARK [2][-]{subsection.134}{\376\377\0004\000.\0003\000.\0005\000\040\000C\000o\000r\000r\000e\000l\000a\000t\000i\000o\000n\000\040\000w\000i\000t\000h\000\040\000O\000x\000y\000g\000e\000n\000\040\000c\000o\000n\000s\000u\000m\000p\000t\000i\000o\000n}{section.125}% 102
\BOOKMARK [1][-]{section.136}{\376\377\0004\000.\0004\000\040\000D\000i\000s\000c\000u\000s\000s\000i\000o\000n}{chapter.113}% 103
\BOOKMARK [2][-]{subsection.137}{\376\377\0004\000.\0004\000.\0001\000\040\000O\000x\000y\000g\000e\000n\000\040\000c\000o\000n\000s\000u\000m\000p\000t\000i\000o\000n\000\040\000a\000n\000d\000\040\000b\000o\000d\000y\000\040\000c\000o\000m\000p\000o\000s\000i\000t\000i\000o\000n}{section.136}% 104
\BOOKMARK [2][-]{subsection.138}{\376\377\0004\000.\0004\000.\0002\000\040\000C\000o\000m\000p\000a\000r\000i\000s\000o\000n\000\040\000w\000i\000t\000h\000\040\000p\000r\000e\000v\000i\000o\000u\000s\000\040\000s\000t\000u\000d\000i\000e\000s}{section.136}% 105
\BOOKMARK [2][-]{subsection.139}{\376\377\0004\000.\0004\000.\0003\000\040\000C\000l\000i\000n\000i\000c\000a\000l\000\040\000i\000m\000p\000l\000i\000c\000a\000t\000i\000o\000n\000s\000\040\000o\000f\000\040\000s\000p\000u\000r\000i\000o\000u\000s\000\040\000c\000o\000r\000r\000e\000l\000a\000t\000i\000o\000n}{section.136}% 106
\BOOKMARK [2][-]{subsection.140}{\376\377\0004\000.\0004\000.\0004\000\040\000M\000e\000a\000s\000u\000r\000i\000n\000g\000\040\000i\000m\000p\000a\000c\000t\000\040\000o\000f\000\040\000P\000r\000e\000h\000a\000b\000i\000l\000i\000t\000a\000t\000i\000o\000n}{section.136}% 107
\BOOKMARK [0][-]{chapter.141}{\376\377\0005\000\040\000A\000n\000\040\000i\000n\000v\000e\000s\000t\000i\000g\000a\000t\000i\000o\000n\000\040\000i\000n\000t\000o\000\040\000t\000h\000e\000\040\000r\000e\000l\000a\000t\000i\000o\000n\000s\000h\000i\000p\000\040\000b\000e\000t\000w\000e\000e\000n\000\040\000c\000a\000r\000d\000i\000o\000p\000u\000l\000m\000o\000n\000a\000r\000y\000\040\000e\000x\000e\000r\000c\000i\000s\000e\000\040\000t\000e\000s\000t\000i\000n\000g\000,\000\040\000c\000o\000m\000o\000r\000b\000i\000d\000i\000t\000y\000,\000\040\000s\000y\000s\000t\000e\000m\000i\000c\000\040\000i\000n\000f\000l\000a\000m\000m\000a\000t\000i\000o\000n\000\040\000a\000n\000d\000\040\000s\000u\000r\000v\000i\000v\000a\000l\000\040\000a\000f\000t\000e\000r\000\040\000p\000a\000n\000c\000r\000e\000a\000t\000i\000c\000o\000d\000u\000o\000d\000e\000n\000e\000c\000t\000o\000m\000y\000\040\000f\000o\000r\000\040\000c\000a\000n\000c\000e\000r\000.}{}% 108
\BOOKMARK [1][-]{section.142}{\376\377\0005\000.\0001\000\040\000I\000n\000t\000r\000o\000d\000u\000c\000t\000i\000o\000n}{chapter.141}% 109
\BOOKMARK [1][-]{section.143}{\376\377\0005\000.\0002\000\040\000A\000i\000m}{chapter.141}% 110
\BOOKMARK [1][-]{section.144}{\376\377\0005\000.\0003\000\040\000P\000a\000t\000i\000e\000n\000t\000s\000\040\000a\000n\000d\000\040\000M\000e\000t\000h\000o\000d\000s}{chapter.141}% 111
\BOOKMARK [2][-]{subsection.145}{\376\377\0005\000.\0003\000.\0001\000\040\000S\000t\000a\000t\000i\000s\000t\000i\000c\000s}{section.144}% 112
\BOOKMARK [1][-]{section.146}{\376\377\0005\000.\0004\000\040\000R\000e\000s\000u\000l\000t\000s}{chapter.141}% 113
\BOOKMARK [1][-]{section.147}{\376\377\0005\000.\0005\000\040\000D\000i\000s\000c\000u\000s\000s\000i\000o\000n}{chapter.141}% 114
\BOOKMARK [0][-]{chapter.148}{\376\377\0006\000\040\000C\000o\000n\000c\000l\000u\000s\000i\000o\000n}{}% 115
\BOOKMARK [0][-]{appendix.149}{\376\377\000A\000\040\000B\000r\000e\000a\000t\000h\000-\000b\000y\000-\000b\000r\000e\000a\000t\000h\000\040\000C\000P\000E\000T\000\040\000s\000a\000m\000p\000l\000e\000\040\000d\000a\000t\000a}{}% 116
\BOOKMARK [0][-]{dummy.152}{\376\377\000B\000i\000b\000l\000i\000o\000g\000r\000a\000p\000h\000y}{}% 117
