This is pdfTeX, Version 3.14159265-2.6-1.40.15 (MiKTeX 2.9) (preloaded format=pdflatex 2015.5.20)  2 JUN 2015 18:43
entering extended mode
**main.tex
(main.tex
LaTeX2e <2015/01/01>
Babel <3.9l> and hyphenation patterns for 69 languages loaded.
(Thesis.cls
Document Class: Thesis 2007/22/02 v1.0 LaTeX document class
("C:\Program Files (x86)\MiKTeX 2.9\tex\latex\base\book.cls"
Document Class: book 2014/09/29 v1.4h Standard LaTeX document class
("C:\Program Files (x86)\MiKTeX 2.9\tex\latex\base\bk12.clo"
File: bk12.clo 2014/09/29 v1.4h Standard LaTeX file (size option)
)
\c@part=\count79
\c@chapter=\count80
\c@section=\count81
\c@subsection=\count82
\c@subsubsection=\count83
\c@paragraph=\count84
\c@subparagraph=\count85
\c@figure=\count86
\c@table=\count87
\abovecaptionskip=\skip41
\belowcaptionskip=\skip42
\bibindent=\dimen102
)
(C:\Users\vishnuvcb\AppData\Roaming\MiKTeX\2.9\tex\latex\setspace\setspace.sty
Package: setspace 2011/12/19 v6.7a set line spacing
) (C:\Users\vishnuvcb\AppData\Roaming\MiKTeX\2.9\tex\latex\ieeepes\vmargin.sty
Package: vmargin 1999/06/01

Package `vmargin', V2.2, <1999/06/01>
\PaperWidth=\dimen103
\PaperHeight=\dimen104
) ("C:\Program Files (x86)\MiKTeX 2.9\tex\latex\base\inputenc.sty"
Package: inputenc 2015/03/17 v1.2c Input encoding file
\inpenc@prehook=\toks14
\inpenc@posthook=\toks15

("C:\Program Files (x86)\MiKTeX 2.9\tex\latex\base\utf8.def"
File: utf8.def 2014/09/29 v1.1m UTF-8 support for inputenc
Now handling font encoding OML ...
... no UTF-8 mapping file for font encoding OML
Now handling font encoding T1 ...
... processing UTF-8 mapping file for font encoding T1

("C:\Program Files (x86)\MiKTeX 2.9\tex\latex\base\t1enc.dfu"
File: t1enc.dfu 2014/09/29 v1.1m UTF-8 support for inputenc
   defining Unicode char U+00A1 (decimal 161)
   defining Unicode char U+00A3 (decimal 163)
   defining Unicode char U+00AB (decimal 171)
   defining Unicode char U+00BB (decimal 187)
   defining Unicode char U+00BF (decimal 191)
   defining Unicode char U+00C0 (decimal 192)
   defining Unicode char U+00C1 (decimal 193)
   defining Unicode char U+00C2 (decimal 194)
   defining Unicode char U+00C3 (decimal 195)
   defining Unicode char U+00C4 (decimal 196)
   defining Unicode char U+00C5 (decimal 197)
   defining Unicode char U+00C6 (decimal 198)
   defining Unicode char U+00C7 (decimal 199)
   defining Unicode char U+00C8 (decimal 200)
   defining Unicode char U+00C9 (decimal 201)
   defining Unicode char U+00CA (decimal 202)
   defining Unicode char U+00CB (decimal 203)
   defining Unicode char U+00CC (decimal 204)
   defining Unicode char U+00CD (decimal 205)
   defining Unicode char U+00CE (decimal 206)
   defining Unicode char U+00CF (decimal 207)
   defining Unicode char U+00D0 (decimal 208)
   defining Unicode char U+00D1 (decimal 209)
   defining Unicode char U+00D2 (decimal 210)
   defining Unicode char U+00D3 (decimal 211)
   defining Unicode char U+00D4 (decimal 212)
   defining Unicode char U+00D5 (decimal 213)
   defining Unicode char U+00D6 (decimal 214)
   defining Unicode char U+00D8 (decimal 216)
   defining Unicode char U+00D9 (decimal 217)
   defining Unicode char U+00DA (decimal 218)
   defining Unicode char U+00DB (decimal 219)
   defining Unicode char U+00DC (decimal 220)
   defining Unicode char U+00DD (decimal 221)
   defining Unicode char U+00DE (decimal 222)
   defining Unicode char U+00DF (decimal 223)
   defining Unicode char U+00E0 (decimal 224)
   defining Unicode char U+00E1 (decimal 225)
   defining Unicode char U+00E2 (decimal 226)
   defining Unicode char U+00E3 (decimal 227)
   defining Unicode char U+00E4 (decimal 228)
   defining Unicode char U+00E5 (decimal 229)
   defining Unicode char U+00E6 (decimal 230)
   defining Unicode char U+00E7 (decimal 231)
   defining Unicode char U+00E8 (decimal 232)
   defining Unicode char U+00E9 (decimal 233)
   defining Unicode char U+00EA (decimal 234)
   defining Unicode char U+00EB (decimal 235)
   defining Unicode char U+00EC (decimal 236)
   defining Unicode char U+00ED (decimal 237)
   defining Unicode char U+00EE (decimal 238)
   defining Unicode char U+00EF (decimal 239)
   defining Unicode char U+00F0 (decimal 240)
   defining Unicode char U+00F1 (decimal 241)
   defining Unicode char U+00F2 (decimal 242)
   defining Unicode char U+00F3 (decimal 243)
   defining Unicode char U+00F4 (decimal 244)
   defining Unicode char U+00F5 (decimal 245)
   defining Unicode char U+00F6 (decimal 246)
   defining Unicode char U+00F8 (decimal 248)
   defining Unicode char U+00F9 (decimal 249)
   defining Unicode char U+00FA (decimal 250)
   defining Unicode char U+00FB (decimal 251)
   defining Unicode char U+00FC (decimal 252)
   defining Unicode char U+00FD (decimal 253)
   defining Unicode char U+00FE (decimal 254)
   defining Unicode char U+00FF (decimal 255)
   defining Unicode char U+0102 (decimal 258)
   defining Unicode char U+0103 (decimal 259)
   defining Unicode char U+0104 (decimal 260)
   defining Unicode char U+0105 (decimal 261)
   defining Unicode char U+0106 (decimal 262)
   defining Unicode char U+0107 (decimal 263)
   defining Unicode char U+010C (decimal 268)
   defining Unicode char U+010D (decimal 269)
   defining Unicode char U+010E (decimal 270)
   defining Unicode char U+010F (decimal 271)
   defining Unicode char U+0110 (decimal 272)
   defining Unicode char U+0111 (decimal 273)
   defining Unicode char U+0118 (decimal 280)
   defining Unicode char U+0119 (decimal 281)
   defining Unicode char U+011A (decimal 282)
   defining Unicode char U+011B (decimal 283)
   defining Unicode char U+011E (decimal 286)
   defining Unicode char U+011F (decimal 287)
   defining Unicode char U+0130 (decimal 304)
   defining Unicode char U+0131 (decimal 305)
   defining Unicode char U+0132 (decimal 306)
   defining Unicode char U+0133 (decimal 307)
   defining Unicode char U+0139 (decimal 313)
   defining Unicode char U+013A (decimal 314)
   defining Unicode char U+013D (decimal 317)
   defining Unicode char U+013E (decimal 318)
   defining Unicode char U+0141 (decimal 321)
   defining Unicode char U+0142 (decimal 322)
   defining Unicode char U+0143 (decimal 323)
   defining Unicode char U+0144 (decimal 324)
   defining Unicode char U+0147 (decimal 327)
   defining Unicode char U+0148 (decimal 328)
   defining Unicode char U+014A (decimal 330)
   defining Unicode char U+014B (decimal 331)
   defining Unicode char U+0150 (decimal 336)
   defining Unicode char U+0151 (decimal 337)
   defining Unicode char U+0152 (decimal 338)
   defining Unicode char U+0153 (decimal 339)
   defining Unicode char U+0154 (decimal 340)
   defining Unicode char U+0155 (decimal 341)
   defining Unicode char U+0158 (decimal 344)
   defining Unicode char U+0159 (decimal 345)
   defining Unicode char U+015A (decimal 346)
   defining Unicode char U+015B (decimal 347)
   defining Unicode char U+015E (decimal 350)
   defining Unicode char U+015F (decimal 351)
   defining Unicode char U+0160 (decimal 352)
   defining Unicode char U+0161 (decimal 353)
   defining Unicode char U+0162 (decimal 354)
   defining Unicode char U+0163 (decimal 355)
   defining Unicode char U+0164 (decimal 356)
   defining Unicode char U+0165 (decimal 357)
   defining Unicode char U+016E (decimal 366)
   defining Unicode char U+016F (decimal 367)
   defining Unicode char U+0170 (decimal 368)
   defining Unicode char U+0171 (decimal 369)
   defining Unicode char U+0178 (decimal 376)
   defining Unicode char U+0179 (decimal 377)
   defining Unicode char U+017A (decimal 378)
   defining Unicode char U+017B (decimal 379)
   defining Unicode char U+017C (decimal 380)
   defining Unicode char U+017D (decimal 381)
   defining Unicode char U+017E (decimal 382)
   defining Unicode char U+200C (decimal 8204)
   defining Unicode char U+2013 (decimal 8211)
   defining Unicode char U+2014 (decimal 8212)
   defining Unicode char U+2018 (decimal 8216)
   defining Unicode char U+2019 (decimal 8217)
   defining Unicode char U+201A (decimal 8218)
   defining Unicode char U+201C (decimal 8220)
   defining Unicode char U+201D (decimal 8221)
   defining Unicode char U+201E (decimal 8222)
   defining Unicode char U+2030 (decimal 8240)
   defining Unicode char U+2031 (decimal 8241)
   defining Unicode char U+2039 (decimal 8249)
   defining Unicode char U+203A (decimal 8250)
   defining Unicode char U+2423 (decimal 9251)
)
Now handling font encoding OT1 ...
... processing UTF-8 mapping file for font encoding OT1

("C:\Program Files (x86)\MiKTeX 2.9\tex\latex\base\ot1enc.dfu"
File: ot1enc.dfu 2014/09/29 v1.1m UTF-8 support for inputenc
   defining Unicode char U+00A1 (decimal 161)
   defining Unicode char U+00A3 (decimal 163)
   defining Unicode char U+00B8 (decimal 184)
   defining Unicode char U+00BF (decimal 191)
   defining Unicode char U+00C5 (decimal 197)
   defining Unicode char U+00C6 (decimal 198)
   defining Unicode char U+00D8 (decimal 216)
   defining Unicode char U+00DF (decimal 223)
   defining Unicode char U+00E6 (decimal 230)
   defining Unicode char U+00EC (decimal 236)
   defining Unicode char U+00ED (decimal 237)
   defining Unicode char U+00EE (decimal 238)
   defining Unicode char U+00EF (decimal 239)
   defining Unicode char U+00F8 (decimal 248)
   defining Unicode char U+0131 (decimal 305)
   defining Unicode char U+0141 (decimal 321)
   defining Unicode char U+0142 (decimal 322)
   defining Unicode char U+0152 (decimal 338)
   defining Unicode char U+0153 (decimal 339)
   defining Unicode char U+2013 (decimal 8211)
   defining Unicode char U+2014 (decimal 8212)
   defining Unicode char U+2018 (decimal 8216)
   defining Unicode char U+2019 (decimal 8217)
   defining Unicode char U+201C (decimal 8220)
   defining Unicode char U+201D (decimal 8221)
)
Now handling font encoding OMS ...
... processing UTF-8 mapping file for font encoding OMS

("C:\Program Files (x86)\MiKTeX 2.9\tex\latex\base\omsenc.dfu"
File: omsenc.dfu 2014/09/29 v1.1m UTF-8 support for inputenc
   defining Unicode char U+00A7 (decimal 167)
   defining Unicode char U+00B6 (decimal 182)
   defining Unicode char U+00B7 (decimal 183)
   defining Unicode char U+2020 (decimal 8224)
   defining Unicode char U+2021 (decimal 8225)
   defining Unicode char U+2022 (decimal 8226)
)
Now handling font encoding OMX ...
... no UTF-8 mapping file for font encoding OMX
Now handling font encoding U ...
... no UTF-8 mapping file for font encoding U
   defining Unicode char U+00A9 (decimal 169)
   defining Unicode char U+00AA (decimal 170)
   defining Unicode char U+00AE (decimal 174)
   defining Unicode char U+00BA (decimal 186)
   defining Unicode char U+02C6 (decimal 710)
   defining Unicode char U+02DC (decimal 732)
   defining Unicode char U+200C (decimal 8204)
   defining Unicode char U+2026 (decimal 8230)
   defining Unicode char U+2122 (decimal 8482)
   defining Unicode char U+2423 (decimal 9251)
))
(C:\Users\vishnuvcb\AppData\Roaming\MiKTeX\2.9\tex\latex\fancyhdr\fancyhdr.sty
\fancy@headwidth=\skip43
\f@ncyO@elh=\skip44
\f@ncyO@erh=\skip45
\f@ncyO@olh=\skip46
\f@ncyO@orh=\skip47
\f@ncyO@elf=\skip48
\f@ncyO@erf=\skip49
\f@ncyO@olf=\skip50
\f@ncyO@orf=\skip51
) ("C:\Program Files (x86)\MiKTeX 2.9\tex\latex\amsmath\amsmath.sty"
Package: amsmath 2013/01/14 v2.14 AMS math features
\@mathmargin=\skip52

For additional information on amsmath, use the `?' option.
("C:\Program Files (x86)\MiKTeX 2.9\tex\latex\amsmath\amstext.sty"
Package: amstext 2000/06/29 v2.01

("C:\Program Files (x86)\MiKTeX 2.9\tex\latex\amsmath\amsgen.sty"
File: amsgen.sty 1999/11/30 v2.0
\@emptytoks=\toks16
\ex@=\dimen105
))
("C:\Program Files (x86)\MiKTeX 2.9\tex\latex\amsmath\amsbsy.sty"
Package: amsbsy 1999/11/29 v1.2d
\pmbraise@=\dimen106
)
("C:\Program Files (x86)\MiKTeX 2.9\tex\latex\amsmath\amsopn.sty"
Package: amsopn 1999/12/14 v2.01 operator names
)
\inf@bad=\count88
LaTeX Info: Redefining \frac on input line 210.
\uproot@=\count89
\leftroot@=\count90
LaTeX Info: Redefining \overline on input line 306.
\classnum@=\count91
\DOTSCASE@=\count92
LaTeX Info: Redefining \ldots on input line 378.
LaTeX Info: Redefining \dots on input line 381.
LaTeX Info: Redefining \cdots on input line 466.
\Mathstrutbox@=\box26
\strutbox@=\box27
\big@size=\dimen107
LaTeX Font Info:    Redeclaring font encoding OML on input line 566.
LaTeX Font Info:    Redeclaring font encoding OMS on input line 567.
\macc@depth=\count93
\c@MaxMatrixCols=\count94
\dotsspace@=\muskip10
\c@parentequation=\count95
\dspbrk@lvl=\count96
\tag@help=\toks17
\row@=\count97
\column@=\count98
\maxfields@=\count99
\andhelp@=\toks18
\eqnshift@=\dimen108
\alignsep@=\dimen109
\tagshift@=\dimen110
\tagwidth@=\dimen111
\totwidth@=\dimen112
\lineht@=\dimen113
\@envbody=\toks19
\multlinegap=\skip53
\multlinetaggap=\skip54
\mathdisplay@stack=\toks20
LaTeX Info: Redefining \[ on input line 2665.
LaTeX Info: Redefining \] on input line 2666.
)
("C:\Program Files (x86)\MiKTeX 2.9\tex\latex\amsfonts\amsfonts.sty"
Package: amsfonts 2013/01/14 v3.01 Basic AMSFonts support
\symAMSa=\mathgroup4
\symAMSb=\mathgroup5
LaTeX Font Info:    Overwriting math alphabet `\mathfrak' in version `bold'
(Font)                  U/euf/m/n --> U/euf/b/n on input line 106.
)
("C:\Program Files (x86)\MiKTeX 2.9\tex\latex\amsfonts\amssymb.sty"
Package: amssymb 2013/01/14 v3.01 AMS font symbols
)
("C:\Program Files (x86)\MiKTeX 2.9\tex\latex\amsmath\amscd.sty"
Package: amscd 1999/11/29 v2.0
\athelp@=\toks21
\minaw@=\dimen114
\bigaw@=\dimen115
\minCDarrowwidth=\dimen116
)
("C:\Program Files (x86)\MiKTeX 2.9\tex\latex\amscls\amsthm.sty"
Package: amsthm 2015/03/04 v2.20.2
\thm@style=\toks22
\thm@bodyfont=\toks23
\thm@headfont=\toks24
\thm@notefont=\toks25
\thm@headpunct=\toks26
\thm@preskip=\skip55
\thm@postskip=\skip56
\thm@headsep=\skip57
\dth@everypar=\toks27
)
("C:\Program Files (x86)\MiKTeX 2.9\tex\latex\tools\xspace.sty"
Package: xspace 2014/10/28 v1.13 Space after command names (DPC,MH)
)
\c@example=\count100
\c@theorem=\count101

(C:\Users\vishnuvcb\AppData\Roaming\MiKTeX\2.9\tex\latex\caption\caption.sty
Package: caption 2013/05/02 v3.3-89 Customizing captions (AR)

(C:\Users\vishnuvcb\AppData\Roaming\MiKTeX\2.9\tex\latex\caption\caption3.sty
Package: caption3 2013/05/02 v1.6-88 caption3 kernel (AR)
Package caption3 Info: TeX engine: e-TeX on input line 57.

("C:\Program Files (x86)\MiKTeX 2.9\tex\latex\graphics\keyval.sty"
Package: keyval 2014/10/28 v1.15 key=value parser (DPC)
\KV@toks@=\toks28
)
\captionmargin=\dimen117
\captionmargin@=\dimen118
\captionwidth=\dimen119
\caption@tempdima=\dimen120
\caption@indent=\dimen121
\caption@parindent=\dimen122
\caption@hangindent=\dimen123
)
\c@ContinuedFloat=\count102
)
("C:\Program Files (x86)\MiKTeX 2.9\tex\latex\graphics\graphicx.sty"
Package: graphicx 2014/10/28 v1.0g Enhanced LaTeX Graphics (DPC,SPQR)

("C:\Program Files (x86)\MiKTeX 2.9\tex\latex\graphics\graphics.sty"
Package: graphics 2014/10/28 v1.0p Standard LaTeX Graphics (DPC,SPQR)

("C:\Program Files (x86)\MiKTeX 2.9\tex\latex\graphics\trig.sty"
Package: trig 1999/03/16 v1.09 sin cos tan (DPC)
)
("C:\Program Files (x86)\MiKTeX 2.9\tex\latex\00miktex\graphics.cfg"
File: graphics.cfg 2007/01/18 v1.5 graphics configuration of teTeX/TeXLive
)
Package graphics Info: Driver file: pdftex.def on input line 94.

("C:\Program Files (x86)\MiKTeX 2.9\tex\latex\pdftex-def\pdftex.def"
File: pdftex.def 2011/05/27 v0.06d Graphics/color for pdfTeX

("C:\Program Files (x86)\MiKTeX 2.9\tex\generic\oberdiek\infwarerr.sty"
Package: infwarerr 2010/04/08 v1.3 Providing info/warning/error messages (HO)
)
("C:\Program Files (x86)\MiKTeX 2.9\tex\generic\oberdiek\ltxcmds.sty"
Package: ltxcmds 2011/11/09 v1.22 LaTeX kernel commands for general use (HO)
)
\Gread@gobject=\count103
))
\Gin@req@height=\dimen124
\Gin@req@width=\dimen125
)
("C:\Program Files (x86)\MiKTeX 2.9\tex\latex\oberdiek\epstopdf.sty"
Package: epstopdf 2010/02/09 v2.5 Conversion with epstopdf on the fly (HO)

("C:\Program Files (x86)\MiKTeX 2.9\tex\latex\oberdiek\epstopdf-base.sty"
Package: epstopdf-base 2010/02/09 v2.5 Base part for package epstopdf

("C:\Program Files (x86)\MiKTeX 2.9\tex\latex\oberdiek\grfext.sty"
Package: grfext 2010/08/19 v1.1 Manage graphics extensions (HO)

("C:\Program Files (x86)\MiKTeX 2.9\tex\generic\oberdiek\kvdefinekeys.sty"
Package: kvdefinekeys 2011/04/07 v1.3 Define keys (HO)
))
("C:\Program Files (x86)\MiKTeX 2.9\tex\latex\oberdiek\kvoptions.sty"
Package: kvoptions 2011/06/30 v3.11 Key value format for package options (HO)

("C:\Program Files (x86)\MiKTeX 2.9\tex\generic\oberdiek\kvsetkeys.sty"
Package: kvsetkeys 2012/04/25 v1.16 Key value parser (HO)

("C:\Program Files (x86)\MiKTeX 2.9\tex\generic\oberdiek\etexcmds.sty"
Package: etexcmds 2011/02/16 v1.5 Avoid name clashes with e-TeX commands (HO)

("C:\Program Files (x86)\MiKTeX 2.9\tex\generic\oberdiek\ifluatex.sty"
Package: ifluatex 2010/03/01 v1.3 Provides the ifluatex switch (HO)
Package ifluatex Info: LuaTeX not detected.
)
Package etexcmds Info: Could not find \expanded.
(etexcmds)             That can mean that you are not using pdfTeX 1.50 or
(etexcmds)             that some package has redefined \expanded.
(etexcmds)             In the latter case, load this package earlier.
)))
("C:\Program Files (x86)\MiKTeX 2.9\tex\generic\oberdiek\pdftexcmds.sty"
Package: pdftexcmds 2011/11/29 v0.20 Utility functions of pdfTeX for LuaTeX (HO
)

("C:\Program Files (x86)\MiKTeX 2.9\tex\generic\oberdiek\ifpdf.sty"
Package: ifpdf 2011/01/30 v2.3 Provides the ifpdf switch (HO)
Package ifpdf Info: pdfTeX in PDF mode is detected.
)
Package pdftexcmds Info: LuaTeX not detected.
Package pdftexcmds Info: \pdf@primitive is available.
Package pdftexcmds Info: \pdf@ifprimitive is available.
Package pdftexcmds Info: \pdfdraftmode found.
)
Package grfext Info: Graphics extension search list:
(grfext)             [.png,.pdf,.jpg,.mps,.jpeg,.jbig2,.jb2,.PNG,.PDF,.JPG,.JPE
G,.JBIG2,.JB2,.eps]
(grfext)             \AppendGraphicsExtensions on input line 452.
))
(C:\Users\vishnuvcb\AppData\Roaming\MiKTeX\2.9\tex\latex\booktabs\booktabs.sty
Package: booktabs 2005/04/14 v1.61803 publication quality tables
\heavyrulewidth=\dimen126
\lightrulewidth=\dimen127
\cmidrulewidth=\dimen128
\belowrulesep=\dimen129
\belowbottomsep=\dimen130
\aboverulesep=\dimen131
\abovetopsep=\dimen132
\cmidrulesep=\dimen133
\cmidrulekern=\dimen134
\defaultaddspace=\dimen135
\@cmidla=\count104
\@cmidlb=\count105
\@aboverulesep=\dimen136
\@belowrulesep=\dimen137
\@thisruleclass=\count106
\@lastruleclass=\count107
\@thisrulewidth=\dimen138
) (C:\Users\vishnuvcb\AppData\Roaming\MiKTeX\2.9\tex\latex\rotating\rotating.st
y
Package: rotating 2009/03/28 v2.16a rotated objects in LaTeX
("C:\Program Files (x86)\MiKTeX 2.9\tex\latex\base\ifthen.sty"
Package: ifthen 2014/09/29 v1.1c Standard LaTeX ifthen package (DPC)
)
\c@r@tfl@t=\count108
\rotFPtop=\skip58
\rotFPbot=\skip59
\rot@float@box=\box28
\rot@mess@toks=\toks29
)
(C:\Users\vishnuvcb\AppData\Roaming\MiKTeX\2.9\tex\latex\listings\listings.sty
\lst@mode=\count109
\lst@gtempboxa=\box29
\lst@token=\toks30
\lst@length=\count110
\lst@currlwidth=\dimen139
\lst@column=\count111
\lst@pos=\count112
\lst@lostspace=\dimen140
\lst@width=\dimen141
\lst@newlines=\count113
\lst@lineno=\count114
\lst@maxwidth=\dimen142

(lstpatch.sty

***
*** This is a patch for listings 1.3, but you're using
*** version 1.5e.
***
*** Patch file not loaded.
***

) (C:\Users\vishnuvcb\AppData\Roaming\MiKTeX\2.9\tex\latex\listings\lstmisc.sty
File: lstmisc.sty 2014/09/06 1.5e (Carsten Heinz)
\c@lstnumber=\count115
\lst@skipnumbers=\count116
\lst@framebox=\box30
)
(C:\Users\vishnuvcb\AppData\Roaming\MiKTeX\2.9\tex\latex\listings\listings.cfg
File: listings.cfg 2014/09/06 1.5e listings configuration
))
Package: listings 2014/09/06 1.5e (Carsten Heinz)
 (lstpatch.sty

***
*** This is a patch for listings 1.3, but you're using
*** version 1.5e.
***
 *** Patch file not loaded.
***

) ("C:\Program Files (x86)\MiKTeX 2.9\tex\latex\hyperref\hyperref.sty"
Package: hyperref 2012/11/06 v6.83m Hypertext links for LaTeX

("C:\Program Files (x86)\MiKTeX 2.9\tex\generic\oberdiek\hobsub-hyperref.sty"
Package: hobsub-hyperref 2012/04/25 v1.12 Bundle oberdiek, subset hyperref (HO)


("C:\Program Files (x86)\MiKTeX 2.9\tex\generic\oberdiek\hobsub-generic.sty"
Package: hobsub-generic 2012/04/25 v1.12 Bundle oberdiek, subset generic (HO)
Package: hobsub 2012/04/25 v1.12 Construct package bundles (HO)
Package hobsub Info: Skipping package `infwarerr' (already loaded).
Package hobsub Info: Skipping package `ltxcmds' (already loaded).
Package hobsub Info: Skipping package `ifluatex' (already loaded).
Package: ifvtex 2010/03/01 v1.5 Detect VTeX and its facilities (HO)
Package ifvtex Info: VTeX not detected.
Package: intcalc 2007/09/27 v1.1 Expandable calculations with integers (HO)
Package hobsub Info: Skipping package `ifpdf' (already loaded).
Package hobsub Info: Skipping package `etexcmds' (already loaded).
Package hobsub Info: Skipping package `kvsetkeys' (already loaded).
Package hobsub Info: Skipping package `kvdefinekeys' (already loaded).
Package hobsub Info: Skipping package `pdftexcmds' (already loaded).
Package: pdfescape 2011/11/25 v1.13 Implements pdfTeX's escape features (HO)
Package: bigintcalc 2012/04/08 v1.3 Expandable calculations on big integers (HO
)
Package: bitset 2011/01/30 v1.1 Handle bit-vector datatype (HO)
Package: uniquecounter 2011/01/30 v1.2 Provide unlimited unique counter (HO)
)
Package hobsub Info: Skipping package `hobsub' (already loaded).
Package: letltxmacro 2010/09/02 v1.4 Let assignment for LaTeX macros (HO)
Package: hopatch 2011/06/24 v1.1 Wrapper for package hooks (HO)
Package: xcolor-patch 2011/01/30 xcolor patch
Package: atveryend 2011/06/30 v1.8 Hooks at the very end of document (HO)
Package atveryend Info: \enddocument detected (standard20110627).
Package: atbegshi 2011/10/05 v1.16 At begin shipout hook (HO)
Package: refcount 2011/10/16 v3.4 Data extraction from label references (HO)
Package: hycolor 2011/01/30 v1.7 Color options for hyperref/bookmark (HO)
)
("C:\Program Files (x86)\MiKTeX 2.9\tex\generic\ifxetex\ifxetex.sty"
Package: ifxetex 2010/09/12 v0.6 Provides ifxetex conditional
)
("C:\Program Files (x86)\MiKTeX 2.9\tex\latex\oberdiek\auxhook.sty"
Package: auxhook 2011/03/04 v1.3 Hooks for auxiliary files (HO)
)
\@linkdim=\dimen143
\Hy@linkcounter=\count117
\Hy@pagecounter=\count118

("C:\Program Files (x86)\MiKTeX 2.9\tex\latex\hyperref\pd1enc.def"
File: pd1enc.def 2012/11/06 v6.83m Hyperref: PDFDocEncoding definition (HO)
Now handling font encoding PD1 ...
... no UTF-8 mapping file for font encoding PD1
)
\Hy@SavedSpaceFactor=\count119

("C:\Program Files (x86)\MiKTeX 2.9\tex\latex\00miktex\hyperref.cfg"
File: hyperref.cfg 2002/06/06 v1.2 hyperref configuration of TeXLive
)
Package hyperref Info: Option `bookmarks' set `true' on input line 4319.
Package hyperref Info: Option `bookmarksopen' set `true' on input line 4319.
Package hyperref Info: Option `bookmarksnumbered' set `true' on input line 4319
.
Package hyperref Info: Option `hypertexnames' set `false' on input line 4319.
Package hyperref Info: Option `colorlinks' set `true' on input line 4319.
Package hyperref Info: Option `unicode' set `true' on input line 4319.

("C:\Program Files (x86)\MiKTeX 2.9\tex\latex\hyperref\puenc.def"
File: puenc.def 2012/11/06 v6.83m Hyperref: PDF Unicode definition (HO)
Now handling font encoding PU ...
... no UTF-8 mapping file for font encoding PU
)
Package hyperref Info: Option `breaklinks' set `true' on input line 4319.
Package hyperref Info: Hyper figures OFF on input line 4443.
Package hyperref Info: Link nesting OFF on input line 4448.
Package hyperref Info: Hyper index ON on input line 4451.
Package hyperref Info: Plain pages OFF on input line 4458.
Package hyperref Info: Backreferencing OFF on input line 4463.
Package hyperref Info: Implicit mode ON; LaTeX internals redefined.
Package hyperref Info: Bookmarks ON on input line 4688.
\c@Hy@tempcnt=\count120

(C:\Users\vishnuvcb\AppData\Roaming\MiKTeX\2.9\tex\latex\url\url.sty
\Urlmuskip=\muskip11
Package: url 2013/09/16  ver 3.4  Verb mode for urls, etc.
)
LaTeX Info: Redefining \url on input line 5041.
\XeTeXLinkMargin=\dimen144
\Fld@menulength=\count121
\Field@Width=\dimen145
\Fld@charsize=\dimen146
Package hyperref Info: Hyper figures OFF on input line 6295.
Package hyperref Info: Link nesting OFF on input line 6300.
Package hyperref Info: Hyper index ON on input line 6303.
Package hyperref Info: backreferencing OFF on input line 6310.
Package hyperref Info: Link coloring ON on input line 6313.
Package hyperref Info: Link coloring with OCG OFF on input line 6320.
Package hyperref Info: PDF/A mode OFF on input line 6325.
LaTeX Info: Redefining \ref on input line 6365.
LaTeX Info: Redefining \pageref on input line 6369.
\Hy@abspage=\count122
\c@Item=\count123
\c@Hfootnote=\count124
)

Package hyperref Message: Driver (autodetected): hpdftex.

("C:\Program Files (x86)\MiKTeX 2.9\tex\latex\hyperref\hpdftex.def"
File: hpdftex.def 2012/11/06 v6.83m Hyperref driver for pdfTeX
\Fld@listcount=\count125
\c@bookmark@seq@number=\count126

("C:\Program Files (x86)\MiKTeX 2.9\tex\latex\oberdiek\rerunfilecheck.sty"
Package: rerunfilecheck 2011/04/15 v1.7 Rerun checks for auxiliary files (HO)
Package uniquecounter Info: New unique counter `rerunfilecheck' on input line 2
82.
)
\Hy@SectionHShift=\skip60
)
\c@dummy=\count127

("C:\Program Files (x86)\MiKTeX 2.9\tex\latex\tools\longtable.sty"
Package: longtable 2014/10/28 v4.11 Multi-page Table package (DPC)
\LTleft=\skip61
\LTright=\skip62
\LTpre=\skip63
\LTpost=\skip64
\LTchunksize=\count128
\LTcapwidth=\dimen147
\LT@head=\box31
\LT@firsthead=\box32
\LT@foot=\box33
\LT@lastfoot=\box34
\LT@cols=\count129
\LT@rows=\count130
\c@LT@tables=\count131
\c@LT@chunks=\count132
\LT@p@ftn=\toks31
))
(C:\Users\vishnuvcb\AppData\Roaming\MiKTeX\2.9\tex\latex\biblatex\biblatex.sty
Package: biblatex 2014/06/25 v2.9a programmable bibliographies (PK/JW/AB)

(C:\Users\vishnuvcb\AppData\Roaming\MiKTeX\2.9\tex\latex\biblatex\biblatex2.sty
Package: biblatex2 2014/06/25 v2.9a programmable bibliographies (biber) (PK/JW/
AB)
(C:\Users\vishnuvcb\AppData\Roaming\MiKTeX\2.9\tex\latex\etoolbox\etoolbox.sty
Package: etoolbox 2015/03/19 v2.1d e-TeX tools for LaTeX (JAW)
\etb@tempcnta=\count133
) (C:\Users\vishnuvcb\AppData\Roaming\MiKTeX\2.9\tex\latex\logreq\logreq.sty
Package: logreq 2010/08/04 v1.0 xml request logger
\lrq@indent=\count134

(C:\Users\vishnuvcb\AppData\Roaming\MiKTeX\2.9\tex\latex\logreq\logreq.def
File: logreq.def 2010/08/04 v1.0 logreq spec v1.0
))
\c@tabx@nest=\count135
\c@listtotal=\count136
\c@listcount=\count137
\c@liststart=\count138
\c@liststop=\count139
\c@citecount=\count140
\c@citetotal=\count141
\c@multicitecount=\count142
\c@multicitetotal=\count143
\c@instcount=\count144
\c@maxnames=\count145
\c@minnames=\count146
\c@maxitems=\count147
\c@minitems=\count148
\c@citecounter=\count149
\c@savedcitecounter=\count150
\c@uniquelist=\count151
\c@uniquename=\count152
\c@refsection=\count153
\c@refsegment=\count154
\c@maxextratitle=\count155
\c@maxextratitleyear=\count156
\c@maxextrayear=\count157
\c@maxextraalpha=\count158
\c@abbrvpenalty=\count159
\c@highnamepenalty=\count160
\c@lownamepenalty=\count161
\c@maxparens=\count162
\c@parenlevel=\count163
\blx@tempcnta=\count164
\blx@tempcntb=\count165
\blx@tempcntc=\count166
\blx@maxsection=\count167
\blx@maxsegment@0=\count168
\blx@notetype=\count169
\blx@parenlevel@text=\count170
\blx@parenlevel@foot=\count171
\blx@sectionciteorder@0=\count172
\labelnumberwidth=\skip65
\labelalphawidth=\skip66
\biblabelsep=\skip67
\bibitemsep=\skip68
\bibnamesep=\skip69
\bibinitsep=\skip70
\bibparsep=\skip71
\bibhang=\skip72
\blx@bcfin=\read1
\blx@bcfout=\write3
\c@mincomprange=\count173
\c@maxcomprange=\count174
\c@mincompwidth=\count175
Package biblatex Info: Trying to load biblatex default data model...
Package biblatex Info: ... file 'blx-dm.def' found.

(C:\Users\vishnuvcb\AppData\Roaming\MiKTeX\2.9\tex\latex\biblatex\blx-dm.def)
Package biblatex Info: Trying to load biblatex style data model...
Package biblatex Info: ... file 'authoryear.dbx' not found.
Package biblatex Info: Trying to load biblatex custom data model...
Package biblatex Info: ... file 'biblatex-dm.cfg' not found.
\c@afterword=\count176
\c@savedafterword=\count177
\c@annotator=\count178
\c@savedannotator=\count179
\c@author=\count180
\c@savedauthor=\count181
\c@bookauthor=\count182
\c@savedbookauthor=\count183
\c@commentator=\count184
\c@savedcommentator=\count185
\c@editor=\count186
\c@savededitor=\count187
\c@editora=\count188
\c@savededitora=\count189
\c@editorb=\count190
\c@savededitorb=\count191
\c@editorc=\count192
\c@savededitorc=\count193
\c@foreword=\count194
\c@savedforeword=\count195
\c@holder=\count196
\c@savedholder=\count197
\c@introduction=\count198
\c@savedintroduction=\count199
\c@namea=\count200
\c@savednamea=\count201
\c@nameb=\count202
\c@savednameb=\count203
\c@namec=\count204
\c@savednamec=\count205
\c@translator=\count206
\c@savedtranslator=\count207
\c@shortauthor=\count208
\c@savedshortauthor=\count209
\c@shorteditor=\count210
\c@savedshorteditor=\count211
\c@labelname=\count212
\c@savedlabelname=\count213
\c@institution=\count214
\c@savedinstitution=\count215
\c@lista=\count216
\c@savedlista=\count217
\c@listb=\count218
\c@savedlistb=\count219
\c@listc=\count220
\c@savedlistc=\count221
\c@listd=\count222
\c@savedlistd=\count223
\c@liste=\count224
\c@savedliste=\count225
\c@listf=\count226
\c@savedlistf=\count227
\c@location=\count228
\c@savedlocation=\count229
\c@organization=\count230
\c@savedorganization=\count231
\c@origlocation=\count232
\c@savedoriglocation=\count233
\c@origpublisher=\count266
\c@savedorigpublisher=\count267
\c@publisher=\count268
\c@savedpublisher=\count269
\c@language=\count270
\c@savedlanguage=\count271
\c@pageref=\count272
\c@savedpageref=\count273
\shorthandwidth=\skip73
\shortjournalwidth=\skip74
\shortserieswidth=\skip75
\shorttitlewidth=\skip76
\shortauthorwidth=\skip77
\shorteditorwidth=\skip78
Package biblatex Info: Trying to load compatibility code...
Package biblatex Info: ... file 'blx-compat.def' found.

(C:\Users\vishnuvcb\AppData\Roaming\MiKTeX\2.9\tex\latex\biblatex\blx-compat.de
f
File: blx-compat.def 2014/06/25 v2.9a biblatex compatibility (PK/JW/AB)
)
Package biblatex Info: Trying to load generic definitions...
Package biblatex Info: ... file 'biblatex.def' found.

(C:\Users\vishnuvcb\AppData\Roaming\MiKTeX\2.9\tex\latex\biblatex\biblatex.def
File: biblatex.def 
\c@textcitecount=\count274
\c@textcitetotal=\count275
\c@textcitemaxnames=\count276
\c@biburlnumpenalty=\count277
\c@biburlucpenalty=\count278
\c@biburllcpenalty=\count279
\c@smartand=\count280
)
Package biblatex Info: Trying to load bibliography style 'authoryear'...
Package biblatex Info: ... file 'authoryear.bbx' found.

(C:\Users\vishnuvcb\AppData\Roaming\MiKTeX\2.9\tex\latex\biblatex\bbx\authoryea
r.bbx
File: authoryear.bbx 2014/06/25 v2.9a biblatex bibliography style (PK/JW/AB)
Package biblatex Info: Trying to load bibliography style 'standard'...
Package biblatex Info: ... file 'standard.bbx' found.

(C:\Users\vishnuvcb\AppData\Roaming\MiKTeX\2.9\tex\latex\biblatex\bbx\standard.
bbx
File: standard.bbx 2014/06/25 v2.9a biblatex bibliography style (PK/JW/AB)
\c@bbx:relatedcount=\count281
\c@bbx:relatedtotal=\count282
))
Package biblatex Info: Trying to load citation style 'authoryear'...
Package biblatex Info: ... file 'authoryear.cbx' found.

(C:\Users\vishnuvcb\AppData\Roaming\MiKTeX\2.9\tex\latex\biblatex\cbx\authoryea
r.cbx
File: authoryear.cbx 2014/06/25 v2.9a biblatex citation style (PK/JW/AB)
Package biblatex Info: Redefining '\cite'.
Package biblatex Info: Redefining '\parencite'.
Package biblatex Info: Redefining '\footcite'.
Package biblatex Info: Redefining '\footcitetext'.
Package biblatex Info: Redefining '\smartcite'.
Package biblatex Info: Redefining '\textcite'.
Package biblatex Info: Redefining '\textcites'.
)
Package biblatex Info: Trying to load configuration file...
Package biblatex Info: ... file 'biblatex.cfg' found.

(C:\Users\vishnuvcb\AppData\Roaming\MiKTeX\2.9\tex\latex\biblatex\biblatex.cfg
File: biblatex.cfg 
)))
(C:\Users\vishnuvcb\AppData\Roaming\MiKTeX\2.9\tex\latex\caption\subcaption.sty
Package: subcaption 2013/02/03 v1.1-62 Sub-captions (AR)
\c@subfigure=\count283
\c@subtable=\count284
) ("C:\Program Files (x86)\MiKTeX 2.9\tex\latex\ltxmisc\parskip.sty"
Package: parskip 2001/04/09 non-zero parskip adjustments
)
(C:\Users\vishnuvcb\AppData\Roaming\MiKTeX\2.9\tex\latex\pdfpages\pdfpages.sty
Package: pdfpages 2015/04/15 v0.4w Insert pages of external PDF documents (AM)

("C:\Program Files (x86)\MiKTeX 2.9\tex\latex\tools\calc.sty"
Package: calc 2014/10/28 v4.3 Infix arithmetic (KKT,FJ)
\calc@Acount=\count285
\calc@Bcount=\count286
\calc@Adimen=\dimen148
\calc@Bdimen=\dimen149
\calc@Askip=\skip79
\calc@Bskip=\skip80
LaTeX Info: Redefining \setlength on input line 80.
LaTeX Info: Redefining \addtolength on input line 81.
\calc@Ccount=\count287
\calc@Cskip=\skip81
)
(C:\Users\vishnuvcb\AppData\Roaming\MiKTeX\2.9\tex\latex\eso-pic\eso-pic.sty
Package: eso-pic 2013/10/06 v2.0d eso-pic (RN)

(C:\Users\vishnuvcb\AppData\Roaming\MiKTeX\2.9\tex\latex\xcolor\xcolor.sty
Package: xcolor 2007/01/21 v2.11 LaTeX color extensions (UK)

("C:\Program Files (x86)\MiKTeX 2.9\tex\latex\00miktex\color.cfg"
File: color.cfg 2007/01/18 v1.5 color configuration of teTeX/TeXLive
)
Package xcolor Info: Driver file: pdftex.def on input line 225.
Package xcolor Info: Model `cmy' substituted by `cmy0' on input line 1337.
Package xcolor Info: Model `hsb' substituted by `rgb' on input line 1341.
Package xcolor Info: Model `RGB' extended on input line 1353.
Package xcolor Info: Model `HTML' substituted by `rgb' on input line 1355.
Package xcolor Info: Model `Hsb' substituted by `hsb' on input line 1356.
Package xcolor Info: Model `tHsb' substituted by `hsb' on input line 1357.
Package xcolor Info: Model `HSB' substituted by `hsb' on input line 1358.
Package xcolor Info: Model `Gray' substituted by `gray' on input line 1359.
Package xcolor Info: Model `wave' substituted by `hsb' on input line 1360.
))
(C:\Users\vishnuvcb\AppData\Roaming\MiKTeX\2.9\tex\latex\pdfpages\pppdftex.def
File: pppdftex.def 2015/04/15 v0.4w Pdfpages driver for pdfTeX (AM)
)
\AM@pagebox=\box35
\AM@toc@title=\toks32
\c@AM@survey=\count288
\AM@templatesizebox=\box36
) (C:\Users\vishnuvcb\AppData\Roaming\MiKTeX\2.9\tex\latex\lineno\lineno.sty
Package: lineno 2005/11/02 line numbers on paragraphs v4.41
\linenopenalty=\count289
\output=\toks33
\linenoprevgraf=\count290
\linenumbersep=\dimen150
\linenumberwidth=\dimen151
\c@linenumber=\count291
\c@pagewiselinenumber=\count292
\c@LN@truepage=\count293
\c@internallinenumber=\count294
\c@internallinenumbers=\count295
\quotelinenumbersep=\dimen152
\bframerule=\dimen153
\bframesep=\dimen154
\bframebox=\box37
LaTeX Info: Redefining \\ on input line 3056.
)
("C:\Program Files (x86)\MiKTeX 2.9\tex\latex\tools\array.sty"
Package: array 2014/10/28 v2.4c Tabular extension package (FMi)
\col@sep=\dimen155
\extrarowheight=\dimen156
\NC@list=\toks34
\extratabsurround=\skip82
\backup@length=\skip83
)
Package biblatex Info: Trying to load language 'english'...
Package biblatex Info: ... file 'english.lbx' found.

(C:\Users\vishnuvcb\AppData\Roaming\MiKTeX\2.9\tex\latex\biblatex\lbx\english.l
bx
File: english.lbx 2014/06/25 v2.9a biblatex localization (PK/JW/AB)
)
\@quotelevel=\count296
\@quotereset=\count297
 (main.aux)
LaTeX Font Info:    Checking defaults for OML/cmm/m/it on input line 91.
LaTeX Font Info:    ... okay on input line 91.
LaTeX Font Info:    Checking defaults for T1/cmr/m/n on input line 91.
LaTeX Font Info:    ... okay on input line 91.
LaTeX Font Info:    Checking defaults for OT1/cmr/m/n on input line 91.
LaTeX Font Info:    ... okay on input line 91.
LaTeX Font Info:    Checking defaults for OMS/cmsy/m/n on input line 91.
LaTeX Font Info:    ... okay on input line 91.
LaTeX Font Info:    Checking defaults for OMX/cmex/m/n on input line 91.
LaTeX Font Info:    ... okay on input line 91.
LaTeX Font Info:    Checking defaults for U/cmr/m/n on input line 91.
LaTeX Font Info:    ... okay on input line 91.
LaTeX Font Info:    Checking defaults for PD1/pdf/m/n on input line 91.
LaTeX Font Info:    ... okay on input line 91.
LaTeX Font Info:    Checking defaults for PU/pdf/m/n on input line 91.
LaTeX Font Info:    ... okay on input line 91.
Package caption Info: Begin \AtBeginDocument code.
Package caption Info: hyperref package is loaded.
Package caption Info: listings package is loaded.
Package caption Info: longtable package is loaded.

(C:\Users\vishnuvcb\AppData\Roaming\MiKTeX\2.9\tex\latex\caption\ltcaption.sty
Package: ltcaption 2013/02/03 v1.3-62 longtable captions (AR)
)
Package caption Info: rotating package is loaded.
Package caption Info: End \AtBeginDocument code.
(C:\Users\vishnuvcb\AppData\Roaming\MiKTeX\2.9\tex\context\base\supp-pdf.mkii
[Loading MPS to PDF converter (version 2006.09.02).]
\scratchcounter=\count298
\scratchdimen=\dimen157
\scratchbox=\box38
\nofMPsegments=\count299
\nofMParguments=\count300
\everyMPshowfont=\toks35
\MPscratchCnt=\count301
\MPscratchDim=\dimen158
\MPnumerator=\count302
\makeMPintoPDFobject=\count303
\everyMPtoPDFconversion=\toks36
)
\c@lstlisting=\count304
\AtBeginShipoutBox=\box39
Package hyperref Info: Link coloring ON on input line 91.
 ("C:\Program Files (x86)\MiKTeX 2.9\tex\latex\hyperref\nameref.sty"
Package: nameref 2012/10/27 v2.43 Cross-referencing by name of section

("C:\Program Files (x86)\MiKTeX 2.9\tex\generic\oberdiek\gettitlestring.sty"
Package: gettitlestring 2010/12/03 v1.4 Cleanup title references (HO)
)
\c@section@level=\count305
)
LaTeX Info: Redefining \ref on input line 91.
LaTeX Info: Redefining \pageref on input line 91.
LaTeX Info: Redefining \nameref on input line 91.

(main.out) (main.out)
\@outlinefile=\write4
Package biblatex Info: Input encoding 'utf8' detected.
Package biblatex Info: Automatic encoding selection.
(biblatex)             Assuming data encoding 'utf8'.
Package biblatex Info: Trying to load bibliographic data...
Package biblatex Info: ... file 'main.bbl' found.
 (main.bbl)
Package biblatex Info: Reference section=0 on input line 91.
Package biblatex Info: Reference segment=0 on input line 91.
LaTeX Font Info:    Try loading font information for OMS+cmr on input line 144.


("C:\Program Files (x86)\MiKTeX 2.9\tex\latex\base\omscmr.fd"
File: omscmr.fd 2014/09/29 v2.5h Standard LaTeX font definitions
)
LaTeX Font Info:    Font shape `OMS/cmr/m/n' in size <12> not available
(Font)              Font shape `OMS/cmsy/m/n' tried instead on input line 144.
LaTeX Font Info:    Try loading font information for U+msa on input line 147.

("C:\Program Files (x86)\MiKTeX 2.9\tex\latex\amsfonts\umsa.fd"
File: umsa.fd 2013/01/14 v3.01 AMS symbols A
)
LaTeX Font Info:    Try loading font information for U+msb on input line 147.

("C:\Program Files (x86)\MiKTeX 2.9\tex\latex\amsfonts\umsb.fd"
File: umsb.fd 2013/01/14 v3.01 AMS symbols B
) [1



{C:/Users/vishnuvcb/AppData/Local/MiKTeX/2.9/pdftex/config/pdftex.map}]
------------------------------------------------------------------------------
 Dedicatory
------------------------------------------------------------------------------
[1]
------------------------------------------------------------------------------
 Dedicatory
------------------------------------------------------------------------------
[2


]
------------------------------------------------------------------------------
 Abstract Page
------------------------------------------------------------------------------
[3

]
------------------------------------------------------------------------------
 Table of Contents
------------------------------------------------------------------------------
(main.toc [4


]
Overfull \hbox (9.75569pt too wide) in paragraph at lines 125--125
 [][] [][][]\OT1/cmr/m/n/12 Compensatory Anti-inflammatory Re-sponse Syn-drome 

 []

[5]
Overfull \hbox (4.17242pt too wide) in paragraph at lines 171--171
 [][] [][][]\OT1/cmr/m/n/12 Univariate anal-y-sis of ob-struc-tive jaun-dice ve
r-sus CPET[][] [][]  
 []


Overfull \hbox (3.32797pt too wide) in paragraph at lines 173--173
 [][] [][][]\OT1/cmr/m/n/12 Association be-tween pre-op-er-a-tive clinico-patho
logical 
 []

[6])
\tf@toc=\write5
 [7]
------------------------------------------------------------------------------
 List of Figures
------------------------------------------------------------------------------
(main.lof)
\tf@lof=\write6
 [8


]
------------------------------------------------------------------------------
 List of Tables
------------------------------------------------------------------------------
(main.lot
Overfull \hbox (0.91685pt too wide) in paragraph at lines 23--23
 [][] [][][]\OT1/cmr/m/n/12 The re-la-tion-ship be-tween clinico-pathological c
har-ac-ter-is-tics and post- 
 []


Overfull \hbox (4.44182pt too wide) in paragraph at lines 29--29
 \OT1/cmr/m/n/12 char-ac-ter-is-tics in pa-tients un-der-go-ing pan-cre-ati-co-
duo-denec-tomy (n=138)[][] [][]  
 []


Overfull \hbox (5.3557pt too wide) in paragraph at lines 31--31
 \OT1/cmr/m/n/12 cal pa-ram-e-ters in pa-tients un-der-go-ing pan-cre-ati-co-du
o-denec-tomy (n=138)[][] [][]  
 []


Overfull \hbox (0.52103pt too wide) in paragraph at lines 33--33
 [][] [][][]\OT1/cmr/m/n/12 Association be-tween ob-struc-tive jaun-dice and pr
e-op-er-a-tive pul-monary 
 []

)
\tf@lot=\write7
 [9


]
------------------------------------------------------------------------------
 Acknowledgements
------------------------------------------------------------------------------
[10


]
------------------------------------------------------------------------------
 Declaration of Authorship
------------------------------------------------------------------------------
(Chapters/Abbreviations.tex [11

]
------------------------------------------------------------------------------
 Abbreviations
------------------------------------------------------------------------------
[12


]) (Chapters/Introduction.tex
Chapter 1.
------------------------------------------------------------------------------
 1 Introduction
------------------------------------------------------------------------------
[1



] [2

] [3] [4] [5] [6] [7] [8] [9] [10] (Tables/c1_isgps.tex
Underfull \hbox (badness 10000) in paragraph at lines 11--11
[]|\OT1/cmr/m/n/12 Persistent drainage
 []


Underfull \hbox (badness 10000) in paragraph at lines 13--13
[]|\OT1/cmr/m/n/12 Death re-lated to
 []


Underfull \hbox (badness 2894) in paragraph at lines 25--25
[]|\OT1/cmr/m/n/12 Often well/ in-ter-me-di-ate,
 []


Underfull \hbox (badness 10000) in paragraph at lines 25--26
[]|\OT1/cmr/m/n/12 Severely im-paired, life-
 []


Underfull \hbox (badness 10000) in paragraph at lines 26--26
[]|\OT1/cmr/m/n/12 Diagnostic con-se-
 []


Underfull \hbox (badness 10000) in paragraph at lines 26--26
[]|\OT1/cmr/m/n/12 Observation, blood
 []


Underfull \hbox (badness 7397) in paragraph at lines 26--26
\OT1/cmr/m/n/12 count, ul-tra-sonog-ra-
 []


Underfull \hbox (badness 10000) in paragraph at lines 26--26
\OT1/cmr/m/n/12 com-puted to-mog-ra-
 []


Underfull \hbox (badness 6316) in paragraph at lines 26--26
\OT1/cmr/m/n/12 to-mog-ra-phy, an-giog-ra-phy,
 []


Underfull \hbox (badness 10000) in paragraph at lines 27--27
[]|\OT1/cmr/m/n/12 Therapeutic con-se-
 []


Underfull \hbox (badness 10000) in paragraph at lines 27--27
\OT1/cmr/m/n/12 in-ter-me-di-ate care unit
 []


Underfull \hbox (badness 10000) in paragraph at lines 27--27
\OT1/cmr/m/n/12 doscopy,\OMS/cmsy/m/n/12 y \OT1/cmr/m/n/12 em-boliza-tion,
 []


Underfull \hbox (badness 7168) in paragraph at lines 27--27
\OT1/cmr/m/n/12 giog-ra-phy and em-boliza-
 []

) (Tables/c1_clavien_dindo.tex) [11] [12] [13]
Overfull \hbox (9.99031pt too wide) in paragraph at lines 86--87
\OT1/cmr/m/n/12 mor-bid-ity and mor-tal-ity fol-low-ing dis-charge af-ter pan-c
re-ati-co-duo-denec-tomy.[[]Schneider
 []

[14

] [15] [16] [17] <Figures/cpet_9panel.pdf, id=954, 1023.825pt x 1023.825pt>
File: Figures/cpet_9panel.pdf Graphic file (type pdf)

<use Figures/cpet_9panel.pdf>
Package pdftex.def Info: Figures/cpet_9panel.pdf used on input line 137.
(pdftex.def)             Requested size: 384.68576pt x 384.6833pt.
 [18] (Tables/c1_cpet_parameters.tex
Overfull \hbox (3.95084pt too wide) in paragraph at lines 10--10
[]|\OT1/cmr/m/n/12 FEV1/FVC| 
 []


Overfull \hbox (0.53418pt too wide) in paragraph at lines 21--21
[]|\OT1/cmr/m/n/12 %peakVO2| 
 []


Overfull \hbox (8.69798pt too wide) in paragraph at lines 26--26
[]|\OT1/cmr/m/n/12 ml/(kg*min)| 
 []


Underfull \hbox (badness 3179) in paragraph at lines 26--27
[]|\OT1/cmr/m/n/12 Corrected Oxy-gen up-take/-con-sump-
 []

) [19]

Package hyperref Warning: Token not allowed in a PDF string (Unicode):
(hyperref)                removing `math shift' on input line 157.


Package hyperref Warning: Token not allowed in a PDF string (Unicode):
(hyperref)                removing `subscript' on input line 157.


Package hyperref Warning: Token not allowed in a PDF string (Unicode):
(hyperref)                removing `math shift' on input line 157.


Package hyperref Warning: Token not allowed in a PDF string (Unicode):
(hyperref)                removing `math shift' on input line 166.


Package hyperref Warning: Token not allowed in a PDF string (Unicode):
(hyperref)                removing `subscript' on input line 166.


Package hyperref Warning: Token not allowed in a PDF string (Unicode):
(hyperref)                removing `subscript' on input line 166.


Package hyperref Warning: Token not allowed in a PDF string (Unicode):
(hyperref)                removing `math shift' on input line 166.

[20] [21]

Package hyperref Warning: Token not allowed in a PDF string (Unicode):
(hyperref)                removing `math shift' on input line 187.


Package hyperref Warning: Token not allowed in a PDF string (Unicode):
(hyperref)                removing `subscript' on input line 187.


Package hyperref Warning: Token not allowed in a PDF string (Unicode):
(hyperref)                removing `math shift' on input line 187.


Package hyperref Warning: Token not allowed in a PDF string (Unicode):
(hyperref)                removing `math shift' on input line 197.


Package hyperref Warning: Token not allowed in a PDF string (Unicode):
(hyperref)                removing `subscript' on input line 197.


Package hyperref Warning: Token not allowed in a PDF string (Unicode):
(hyperref)                removing `math shift' on input line 197.


Package hyperref Warning: Token not allowed in a PDF string (Unicode):
(hyperref)                removing `math shift' on input line 197.


Package hyperref Warning: Token not allowed in a PDF string (Unicode):
(hyperref)                removing `subscript' on input line 197.


Package hyperref Warning: Token not allowed in a PDF string (Unicode):
(hyperref)                removing `math shift' on input line 197.


Package hyperref Warning: Token not allowed in a PDF string (Unicode):
(hyperref)                removing `math shift' on input line 197.


Package hyperref Warning: Token not allowed in a PDF string (Unicode):
(hyperref)                removing `subscript' on input line 197.


Package hyperref Warning: Token not allowed in a PDF string (Unicode):
(hyperref)                removing `subscript' on input line 197.


Package hyperref Warning: Token not allowed in a PDF string (Unicode):
(hyperref)                removing `subscript' on input line 197.


Package hyperref Warning: Token not allowed in a PDF string (Unicode):
(hyperref)                removing `math shift' on input line 197.


Package hyperref Warning: Token not allowed in a PDF string (Unicode):
(hyperref)                removing `math shift' on input line 197.


Package hyperref Warning: Token not allowed in a PDF string (Unicode):
(hyperref)                removing `subscript' on input line 197.


Package hyperref Warning: Token not allowed in a PDF string (Unicode):
(hyperref)                removing `subscript' on input line 197.


Package hyperref Warning: Token not allowed in a PDF string (Unicode):
(hyperref)                removing `subscript' on input line 197.


Package hyperref Warning: Token not allowed in a PDF string (Unicode):
(hyperref)                removing `math shift' on input line 197.

[22]

Package hyperref Warning: Token not allowed in a PDF string (Unicode):
(hyperref)                removing `math shift' on input line 200.


Package hyperref Warning: Token not allowed in a PDF string (Unicode):
(hyperref)                removing `subscript' on input line 200.


Package hyperref Warning: Token not allowed in a PDF string (Unicode):
(hyperref)                removing `math shift' on input line 200.


Package hyperref Warning: Token not allowed in a PDF string (Unicode):
(hyperref)                removing `math shift' on input line 200.


Package hyperref Warning: Token not allowed in a PDF string (Unicode):
(hyperref)                removing `subscript' on input line 200.


Package hyperref Warning: Token not allowed in a PDF string (Unicode):
(hyperref)                removing `math shift' on input line 200.


Package hyperref Warning: Token not allowed in a PDF string (Unicode):
(hyperref)                removing `math shift' on input line 200.


Package hyperref Warning: Token not allowed in a PDF string (Unicode):
(hyperref)                removing `subscript' on input line 200.


Package hyperref Warning: Token not allowed in a PDF string (Unicode):
(hyperref)                removing `subscript' on input line 200.


Package hyperref Warning: Token not allowed in a PDF string (Unicode):
(hyperref)                removing `subscript' on input line 200.


Package hyperref Warning: Token not allowed in a PDF string (Unicode):
(hyperref)                removing `math shift' on input line 200.


Package hyperref Warning: Token not allowed in a PDF string (Unicode):
(hyperref)                removing `math shift' on input line 200.


Package hyperref Warning: Token not allowed in a PDF string (Unicode):
(hyperref)                removing `subscript' on input line 200.


Package hyperref Warning: Token not allowed in a PDF string (Unicode):
(hyperref)                removing `subscript' on input line 200.


Package hyperref Warning: Token not allowed in a PDF string (Unicode):
(hyperref)                removing `math shift' on input line 200.

[23]

Package hyperref Warning: Token not allowed in a PDF string (Unicode):
(hyperref)                removing `math shift' on input line 207.


Package hyperref Warning: Token not allowed in a PDF string (Unicode):
(hyperref)                removing `subscript' on input line 207.


Package hyperref Warning: Token not allowed in a PDF string (Unicode):
(hyperref)                removing `math shift' on input line 207.


Overfull \hbox (0.23958pt too wide) in paragraph at lines 214--214
[]\OT1/cmr/bx/n/14.4 Hepato-pancreato-biliary surgery and Trans-plan-ta-tion 
 []

[24] [25 <./Figures/cpet_9panel.pdf>] [26] [27

] [28] [29] [30] [31] [32]
[33] [34] [35] [36]) (Chapters/CPET_Outcomes.tex [37]
Chapter 2.
------------------------------------------------------------------------------
 2 An investigation into the role of preoperative cardiopulmonary exercise test
ing in predicting adverse postoperative events after major pancreatic surgery.
------------------------------------------------------------------------------
[38

] [39

] [40] [41

] [42] [43] [44] [45

] (Tables/c2_t1.tex
Overfull \hbox (11.21356pt too wide) in paragraph at lines 10--47
 [][] 
 []


LaTeX Warning: Float too large for page by 2.45895pt on input line 50.

) <Figures/cpet_outcomes_dist_of_AT.png, id=1261, 604.50844pt x 493.0922pt>
File: Figures/cpet_outcomes_dist_of_AT.png Graphic file (type png)

<use Figures/cpet_outcomes_dist_of_AT.png>
Package pdftex.def Info: Figures/cpet_outcomes_dist_of_AT.png used on input lin
e 56.
(pdftex.def)             Requested size: 341.94652pt x 278.92114pt.
 [46 <./Figures/cpet_outcomes_dist_of_AT.png>] [47] (Tables/c2_t2.tex) [48] [49
] (Tables/c2_t3.tex)
<Figures/cpet_outcomes_km_at_los.png, id=1288, 592.46344pt x 524.71031pt>
File: Figures/cpet_outcomes_km_at_los.png Graphic file (type png)

<use Figures/cpet_outcomes_km_at_los.png>
Package pdftex.def Info: Figures/cpet_outcomes_km_at_los.png used on input line
 72.
(pdftex.def)             Requested size: 341.94652pt x 302.851pt.

<Figures/cpet_outcomes_km_at_los_table.png, id=1289, 896.59969pt x 256.70906pt>
File: Figures/cpet_outcomes_km_at_los_table.png Graphic file (type png)
<use Figures/cpet_outcomes_km_at_los_table.png>
Package pdftex.def Info: Figures/cpet_outcomes_km_at_los_table.png used on inpu
t line 73.
(pdftex.def)             Requested size: 427.43153pt x 122.37677pt.
 [50 <./Figures/cpet_outcomes_km_at_los.png> <./Figures/cpet_outcomes_km_at_los
_table.png>] [51]
(Tables/c2_t4.tex) [52] [53] [54

] [55] [56] [57]) (Chapters/CPET_Jaundice.tex
[58]
Chapter 3.
------------------------------------------------------------------------------
 3 An investigation into the relationship between obstructive jaundice and preo
perative pathophysiology in patients undergoing major pancreatic surgery.
------------------------------------------------------------------------------
[59

] [60

] [61] [62]
Overfull \hbox (0.75153pt too wide) in paragraph at lines 32--33
\OT1/cmr/m/n/12 Patient de-mo-graph-ics, pre-op-er-a-tive clinico-pathological 
char-ac-ter-is-tics in-clud-ing car-
 []

[63

] [64] [65] (Tables/c3_t1.tex) [66

] (Tables/c3_t2.tex) (Tables/c3_t3.tex)

Package hyperref Warning: Difference (2) between bookmark levels is greater 
(hyperref)                than one, level fixed on input line 61.

[67] [68] [69] (Tables/c3_t4.tex)
Overfull \hbox (2.86293pt too wide) in paragraph at lines 66--66
[]\OT1/cmr/bx/n/12 Association be-tween pre-op-er-a-tive clinico-pathological f
ac-tors and
 []


Package hyperref Warning: Token not allowed in a PDF string (Unicode):
(hyperref)                removing `math shift' on input line 66.


Package hyperref Warning: Token not allowed in a PDF string (Unicode):
(hyperref)                removing `subscript' on input line 66.


Package hyperref Warning: Token not allowed in a PDF string (Unicode):
(hyperref)                removing `math shift' on input line 66.

(Tables/c3_t5.tex) [70] [71] [72] [73

] [74] [75] [76]) (Chapters/BodyComp.tex
[77]
Chapter 4.
------------------------------------------------------------------------------
 4 An investigation into the relationship between cardiopulmonary exercise test
ing and body composition in patients undergoing major pancreatic surgery.
------------------------------------------------------------------------------
[78

] [79

] [80] [81] [82] [83

]
<Figures/bc_ct_csa.png, id=1610, 786.68906pt x 503.63156pt>
File: Figures/bc_ct_csa.png Graphic file (type png)

<use Figures/bc_ct_csa.png>
Package pdftex.def Info: Figures/bc_ct_csa.png used on input line 61.
(pdftex.def)             Requested size: 192.34288pt x 123.13336pt.

<Figures/bc_ct_sat.png, id=1611, 786.68906pt x 505.13719pt>
File: Figures/bc_ct_sat.png Graphic file (type png)

<use Figures/bc_ct_sat.png>
Package pdftex.def Info: Figures/bc_ct_sat.png used on input line 67.
(pdftex.def)             Requested size: 192.34288pt x 123.50148pt.

<Figures/bc_ct_vat.png, id=1612, 784.43062pt x 505.13719pt>
File: Figures/bc_ct_vat.png Graphic file (type png)

<use Figures/bc_ct_vat.png>
Package pdftex.def Info: Figures/bc_ct_vat.png used on input line 74.
(pdftex.def)             Requested size: 192.34288pt x 123.85603pt.

<Figures/bc_ct_sm.png, id=1613, 784.43062pt x 505.13719pt>
File: Figures/bc_ct_sm.png Graphic file (type png)

<use Figures/bc_ct_sm.png>
Package pdftex.def Info: Figures/bc_ct_sm.png used on input line 80.
(pdftex.def)             Requested size: 192.34288pt x 123.85603pt.
 [84] [85 <./Figures/bc_ct_csa.png> <./Figures/bc_ct_sat.png> <./Figures/bc_ct_
vat.png> <./Figures/bc_ct_sm.png>] [86] [87]
(Tables/c4_t1.tex)
Overfull \hbox (16.79453pt too wide) in paragraph at lines 105--105
[]\OT1/cmr/bx/n/14.4 Body Com-po-si-tion in Nor-mal BMI vs Over-weight/Obese
 []

<Figures/bc_gender_bmi_pie.png, id=1646, 521.49374pt x 647.145pt>
File: Figures/bc_gender_bmi_pie.png Graphic file (type png)

<use Figures/bc_gender_bmi_pie.png>
Package pdftex.def Info: Figures/bc_gender_bmi_pie.png used on input line 110.
(pdftex.def)             Requested size: 341.94652pt x 424.35213pt.


LaTeX Warning: `h' float specifier changed to `ht'.

[88

] [89] [90 <./Figures/bc_gender_bmi_pie.png (PNG copy)>] (Tables/c4_t2.tex)
[91] [92]
<Figures/bc_scatter_atLoad_skeletal.png, id=1679, 631.35875pt x 505.89pt>
File: Figures/bc_scatter_atLoad_skeletal.png Graphic file (type png)

<use Figures/bc_scatter_atLoad_skeletal.png>
Package pdftex.def Info: Figures/bc_scatter_atLoad_skeletal.png used on input l
ine 131.
(pdftex.def)             Requested size: 192.34288pt x 154.1148pt.

<Figures/bc_scatter_pkLoad_skeletal.png, id=1680, 631.60968pt x 505.89pt>
File: Figures/bc_scatter_pkLoad_skeletal.png Graphic file (type png)

<use Figures/bc_scatter_pkLoad_skeletal.png>
Package pdftex.def Info: Figures/bc_scatter_pkLoad_skeletal.png used on input l
ine 138.
(pdftex.def)             Requested size: 192.34288pt x 154.06078pt.

<Figures/bc_scatter_VO2_skeletal.png, id=1684, 474.27188pt x 379.4175pt>
File: Figures/bc_scatter_VO2_skeletal.png Graphic file (type png)

<use Figures/bc_scatter_VO2_skeletal.png>
Package pdftex.def Info: Figures/bc_scatter_VO2_skeletal.png used on input line
 163.
(pdftex.def)             Requested size: 192.34288pt x 153.87166pt.

<Figures/bc_scatter_VO2_TAT.png, id=1685, 474.27188pt x 379.4175pt>
File: Figures/bc_scatter_VO2_TAT.png Graphic file (type png)

<use Figures/bc_scatter_VO2_TAT.png>
Package pdftex.def Info: Figures/bc_scatter_VO2_TAT.png used on input line 170.

(pdftex.def)             Requested size: 192.34288pt x 153.87166pt.
 [93 <./Figures/bc_scatter_atLoad_skeletal.png (PNG copy)> <./Figures/bc_scatte
r_pkLoad_skeletal.png (PNG copy)>] [94 <./Figures/bc_scatter_VO2_skeletal.png> 
<./Figures/bc_scatter_VO2_TAT.png>]
[95] [96

] [97]
Overfull \hbox (36.60672pt too wide) in paragraph at lines 210--211
\OT1/cmr/m/n/12 Aero-nau-tics and Space Ad-min-is-tra-tion John-son Space Cen-t
er in Hous-ton, Texas.[[]Batterham
 []

[98] [99] [100]

LaTeX Warning: Reference `fig:bc_figure1' on page 101 undefined on input line 2
27.

[101]) (Chapters/CPET_Survival.tex [102]
Chapter 5.
------------------------------------------------------------------------------
 5 An investigation into the relationship between cardiopulmonary exercise test
ing, comorbidity, systemic inflammation and survival after pancreaticoduodenect
omy for cancer.
------------------------------------------------------------------------------
[103

] [104

]

LaTeX Warning: Reference `' on page 105 undefined on input line 28.

[105] [106]) (Chapters/Discussion.tex [107]
Chapter 6.
------------------------------------------------------------------------------
 6 Conclusion
------------------------------------------------------------------------------
[108

]) (Appendices/AppendixCPETRawData.tex [109

]
Appendix A.
------------------------------------------------------------------------------
 A Breath-by-breath CPET sample data
------------------------------------------------------------------------------
<Figures/cpet_9p_rawdata.pdf, id=1813, page=1, 474.77374pt x 640.3925pt>
File: Figures/cpet_9p_rawdata.pdf Graphic file (type pdf)

<use Figures/cpet_9p_rawdata.pdf, page 1>
Package pdftex.def Info: Figures/cpet_9p_rawdata.pdf, page1 used on input line 
11.
(pdftex.def)             Requested size: 427.43153pt x 576.5629pt.

<Figures/cpet_9p_rawdata.pdf, id=1814, page=2, 474.77374pt x 640.3925pt>
File: Figures/cpet_9p_rawdata.pdf Graphic file (type pdf)

<use Figures/cpet_9p_rawdata.pdf, page 2>
Package pdftex.def Info: Figures/cpet_9p_rawdata.pdf, page2 used on input line 
16.
(pdftex.def)             Requested size: 427.43153pt x 576.5629pt.
) [110

] [111 <./Figures/cpet_9p_rawdata.pdf>] [112 <./Figures/cpet_9p_rawdata.pdf>]
------------------------------------------------------------------------------
 Bibliography
------------------------------------------------------------------------------
[113


]
Overfull \hbox (6.54549pt too wide) in paragraph at lines 286--286
\OT1/cmr/m/n/12 lymphocyte ver-sus platelet-lymphocyte ra-tio''. In: \OT1/cmr/m
/it/12 The Amer-i-can Jour-nal of Surgery
 []

[114]
Overfull \hbox (5.03299pt too wide) in paragraph at lines 286--286
\OT1/cmr/m/n/12 surgery pre-dicted by car-diopul-monary ex-er-cise test-ing''. 
In: \OT1/cmr/m/it/12 Br J Surg \OT1/cmr/m/n/12 94.8, pp. 966{
 []

[115] [116]
Overfull \hbox (1.89963pt too wide) in paragraph at lines 286--286
\OT1/cmr/m/n/12 cer.'' In: \OT1/cmr/m/it/12 Nu-tri-tion and can-cer \OT1/cmr/m/
n/12 48.2, pp. 171{173. \OT1/cmr/m/sc/12 doi\OT1/cmr/m/n/12 : [][]$\OT1/cmtt/m/
n/12 10 . 1207 / s15327914nc4802 _$
 []

[117] [118] [119] [120]
Overfull \hbox (8.2112pt too wide) in paragraph at lines 286--286
\OT1/cmr/m/n/12 and an early de-crease of mono-cyte mCD14 and HLA-DR ex-pres-si
on dur-ing surgery''.
 []

[121]
Overfull \hbox (14.8532pt too wide) in paragraph at lines 286--286
[][]\OT1/cmr/m/n/12 Kocher, He-mant M et al. (2005). ``Risk-adjustment in hep-a
-to-bil-iary pan-cre-atic surgery''.
 []

[122] [123] [124] [125] [126] [127] [128] [129] [130] [131]
Overfull \hbox (7.99028pt too wide) in paragraph at lines 286--286
[][]\OT1/cmr/m/n/12 Whipple, Allen O., William Bar-clay Par-sons, and Clin-ton 
R. Mullins (1935). ``TREAT-
 []

[132]
Overfull \hbox (2.67928pt too wide) in paragraph at lines 286--286
\OT1/cmr/m/n/12 im-munother-apy us-ing lymphokine-activated killer cells for pa
-tients with esophageal
 []

Package atveryend Info: Empty hook `BeforeClearDocument' on input line 287.
[133]
Package atveryend Info: Empty hook `AfterLastShipout' on input line 287.
 (main.aux)
Package atveryend Info: Executing hook `AtVeryEndDocument' on input line 287.
Package atveryend Info: Executing hook `AtEndAfterFileList' on input line 287.
Package rerunfilecheck Info: File `main.out' has not changed.
(rerunfilecheck)             Checksum: 9C0A1F36F000E20064344CDF2162D902;28431.


LaTeX Warning: There were undefined references.

Package logreq Info: Writing requests to 'main.run.xml'.
Package atveryend Info: Empty hook `AtVeryVeryEnd' on input line 287.
 ) 
Here is how much of TeX's memory you used:
 20987 strings out of 493671
 322846 string characters out of 3141408
 1039305 words of memory out of 3000000
 23551 multiletter control sequences out of 15000+200000
 16375 words of font info for 62 fonts, out of 3000000 for 9000
 1025 hyphenation exceptions out of 8191
 49i,13n,59p,4885b,1118s stack positions out of 5000i,500n,10000p,200000b,50000s
<C:/Program Files (x86)/MiKTeX 2.9/fonts/type1/public/amsfonts/cm/cmbx12.pfb>
<C:/Program Files (x86)/MiKTeX 2.9/fonts/type1/public/amsfonts/cm/cmcsc10.pfb><
C:/Program Files (x86)/MiKTeX 2.9/fonts/type1/public/amsfonts/cm/cmmi10.pfb><C:
/Program Files (x86)/MiKTeX 2.9/fonts/type1/public/amsfonts/cm/cmmi12.pfb><C:/P
rogram Files (x86)/MiKTeX 2.9/fonts/type1/public/amsfonts/cm/cmmi6.pfb><C:/Prog
ram Files (x86)/MiKTeX 2.9/fonts/type1/public/amsfonts/cm/cmmi7.pfb><C:/Program
 Files (x86)/MiKTeX 2.9/fonts/type1/public/amsfonts/cm/cmmi8.pfb><C:/Program Fi
les (x86)/MiKTeX 2.9/fonts/type1/public/amsfonts/cm/cmr10.pfb><C:/Program Files
 (x86)/MiKTeX 2.9/fonts/type1/public/amsfonts/cm/cmr12.pfb><C:/Program Files (x
86)/MiKTeX 2.9/fonts/type1/public/amsfonts/cm/cmr6.pfb><C:/Program Files (x86)/
MiKTeX 2.9/fonts/type1/public/amsfonts/cm/cmr7.pfb><C:/Program Files (x86)/MiKT
eX 2.9/fonts/type1/public/amsfonts/cm/cmr8.pfb><C:/Program Files (x86)/MiKTeX 2
.9/fonts/type1/public/amsfonts/cm/cmsl12.pfb><C:/Program Files (x86)/MiKTeX 2.9
/fonts/type1/public/amsfonts/cm/cmss8.pfb><C:/Program Files (x86)/MiKTeX 2.9/fo
nts/type1/public/amsfonts/cm/cmsy10.pfb><C:/Program Files (x86)/MiKTeX 2.9/font
s/type1/public/amsfonts/cm/cmsy8.pfb><C:/Program Files (x86)/MiKTeX 2.9/fonts/t
ype1/public/amsfonts/cm/cmti12.pfb><C:/Program Files (x86)/MiKTeX 2.9/fonts/typ
e1/public/amsfonts/cm/cmtt12.pfb>
Output written on main.pdf (146 pages, 2989318 bytes).
PDF statistics:
 2174 PDF objects out of 2487 (max. 8388607)
 450 named destinations out of 1000 (max. 500000)
 1012 words of extra memory for PDF output out of 10000 (max. 10000000)

